<?xml version="1.0" encoding="UTF-8"?>
<!-- Generated by org.testng.reporters.JUnitXMLReporter -->
<testsuite ignored="1" hostname="INRONNDURTHU01" failures="0" tests="3" name="Login Tests" time="67.767" errors="0" timestamp="2025-08-07T23:42:52 IST">
  <testcase classname="com.useractionsinifs.testComponents.BaseTest" name="@BeforeMethod initializeDriver" time="22.817">
    <failure type="org.openqa.selenium.TimeoutException" message="timeout: Timed out receiving message from renderer: 15.435
  (Session info: chrome=138.0.7204.184)
Build info: version: &amp;apos;4.33.0&amp;apos;, revision: &amp;apos;2c6aaad03a&amp;apos;
System info: os.name: &amp;apos;Windows 11&amp;apos;, os.arch: &amp;apos;amd64&amp;apos;, os.version: &amp;apos;10.0&amp;apos;, java.version: &amp;apos;21.0.6&amp;apos;
Driver info: org.openqa.selenium.chrome.ChromeDriver
Command: [b2f4a5469dac104106d93ebbfb0932ad, get {url=https://mingle-t20-portal.mingle.inforos.dev.inforcloudsuite.com/v2/INTQAINFOROSV2_AX1}]
Capabilities {acceptInsecureCerts: false, browserName: chrome, browserVersion: 138.0.7204.184, chrome: {chromedriverVersion: 138.0.7204.183 (e90faf484dd..., userDataDir: C:\Users\ndurthu\AppData\Lo...}, fedcm:accounts: true, goog:chromeOptions: {debuggerAddress: localhost:52196}, networkConnectionEnabled: false, pageLoadStrategy: normal, platformName: windows, proxy: Proxy(), se:cdp: ws://localhost:52196/devtoo..., se:cdpVersion: 138.0.7204.184, setWindowRect: true, strictFileInteractability: false, timeouts: {implicit: 0, pageLoad: 300000, script: 30000}, unhandledPromptBehavior: dismiss and notify, webauthn:extension:credBlob: true, webauthn:extension:largeBlob: true, webauthn:extension:minPinLength: true, webauthn:extension:prf: true, webauthn:virtualAuthenticators: true}
Session ID: b2f4a5469dac104106d93ebbfb0932ad">
      <![CDATA[org.openqa.selenium.TimeoutException: timeout: Timed out receiving message from renderer: 15.435
  (Session info: chrome=138.0.7204.184)
Build info: version: '4.33.0', revision: '2c6aaad03a'
System info: os.name: 'Windows 11', os.arch: 'amd64', os.version: '10.0', java.version: '21.0.6'
Driver info: org.openqa.selenium.chrome.ChromeDriver
Command: [b2f4a5469dac104106d93ebbfb0932ad, get {url=https://mingle-t20-portal.mingle.inforos.dev.inforcloudsuite.com/v2/INTQAINFOROSV2_AX1}]
Capabilities {acceptInsecureCerts: false, browserName: chrome, browserVersion: 138.0.7204.184, chrome: {chromedriverVersion: 138.0.7204.183 (e90faf484dd..., userDataDir: C:\Users\ndurthu\AppData\Lo...}, fedcm:accounts: true, goog:chromeOptions: {debuggerAddress: localhost:52196}, networkConnectionEnabled: false, pageLoadStrategy: normal, platformName: windows, proxy: Proxy(), se:cdp: ws://localhost:52196/devtoo..., se:cdpVersion: 138.0.7204.184, setWindowRect: true, strictFileInteractability: false, timeouts: {implicit: 0, pageLoad: 300000, script: 30000}, unhandledPromptBehavior: dismiss and notify, webauthn:extension:credBlob: true, webauthn:extension:largeBlob: true, webauthn:extension:minPinLength: true, webauthn:extension:prf: true, webauthn:virtualAuthenticators: true}
Session ID: b2f4a5469dac104106d93ebbfb0932ad
at org.openqa.selenium.remote.ErrorCodec.decode(ErrorCodec.java:167)
at org.openqa.selenium.remote.codec.w3c.W3CHttpResponseCodec.decode(W3CHttpResponseCodec.java:138)
at org.openqa.selenium.remote.codec.w3c.W3CHttpResponseCodec.decode(W3CHttpResponseCodec.java:50)
at org.openqa.selenium.remote.HttpCommandExecutor.execute(HttpCommandExecutor.java:215)
at org.openqa.selenium.remote.service.DriverCommandExecutor.invokeExecute(DriverCommandExecutor.java:216)
at org.openqa.selenium.remote.service.DriverCommandExecutor.execute(DriverCommandExecutor.java:174)
at org.openqa.selenium.remote.RemoteWebDriver.execute(RemoteWebDriver.java:544)
at org.openqa.selenium.remote.RemoteWebDriver.get(RemoteWebDriver.java:312)
at com.useractionsinifs.pageObjects.LoginPage.goTo(LoginPage.java:77)
at com.useractionsinifs.testComponents.BaseTest.initializeDriver(BaseTest.java:163)
at java.base/java.util.ArrayList.forEach(ArrayList.java:1596)
... Removed 36 stack frames]]>
    </failure>
  </testcase> <!-- @BeforeMethod initializeDriver -->
  <testcase classname="com.useractionsinifs.testComponents.BaseTest" name="@BeforeMethod initializeDriver" time="21.7">
    <failure type="org.openqa.selenium.TimeoutException" message="timeout: Timed out receiving message from renderer: 16.244
  (Session info: chrome=138.0.7204.184)
Build info: version: &amp;apos;4.33.0&amp;apos;, revision: &amp;apos;2c6aaad03a&amp;apos;
System info: os.name: &amp;apos;Windows 11&amp;apos;, os.arch: &amp;apos;amd64&amp;apos;, os.version: &amp;apos;10.0&amp;apos;, java.version: &amp;apos;21.0.6&amp;apos;
Driver info: org.openqa.selenium.chrome.ChromeDriver
Command: [3eb32f1c425640d2de1cb9bd33ddcc74, get {url=https://mingle-t20-portal.mingle.inforos.dev.inforcloudsuite.com/v2/INTQAINFOROSV2_AX1}]
Capabilities {acceptInsecureCerts: false, browserName: chrome, browserVersion: 138.0.7204.184, chrome: {chromedriverVersion: 138.0.7204.183 (e90faf484dd..., userDataDir: C:\Users\ndurthu\AppData\Lo...}, fedcm:accounts: true, goog:chromeOptions: {debuggerAddress: localhost:52268}, networkConnectionEnabled: false, pageLoadStrategy: normal, platformName: windows, proxy: Proxy(), se:cdp: ws://localhost:52268/devtoo..., se:cdpVersion: 138.0.7204.184, setWindowRect: true, strictFileInteractability: false, timeouts: {implicit: 0, pageLoad: 300000, script: 30000}, unhandledPromptBehavior: dismiss and notify, webauthn:extension:credBlob: true, webauthn:extension:largeBlob: true, webauthn:extension:minPinLength: true, webauthn:extension:prf: true, webauthn:virtualAuthenticators: true}
Session ID: 3eb32f1c425640d2de1cb9bd33ddcc74">
      <![CDATA[org.openqa.selenium.TimeoutException: timeout: Timed out receiving message from renderer: 16.244
  (Session info: chrome=138.0.7204.184)
Build info: version: '4.33.0', revision: '2c6aaad03a'
System info: os.name: 'Windows 11', os.arch: 'amd64', os.version: '10.0', java.version: '21.0.6'
Driver info: org.openqa.selenium.chrome.ChromeDriver
Command: [3eb32f1c425640d2de1cb9bd33ddcc74, get {url=https://mingle-t20-portal.mingle.inforos.dev.inforcloudsuite.com/v2/INTQAINFOROSV2_AX1}]
Capabilities {acceptInsecureCerts: false, browserName: chrome, browserVersion: 138.0.7204.184, chrome: {chromedriverVersion: 138.0.7204.183 (e90faf484dd..., userDataDir: C:\Users\ndurthu\AppData\Lo...}, fedcm:accounts: true, goog:chromeOptions: {debuggerAddress: localhost:52268}, networkConnectionEnabled: false, pageLoadStrategy: normal, platformName: windows, proxy: Proxy(), se:cdp: ws://localhost:52268/devtoo..., se:cdpVersion: 138.0.7204.184, setWindowRect: true, strictFileInteractability: false, timeouts: {implicit: 0, pageLoad: 300000, script: 30000}, unhandledPromptBehavior: dismiss and notify, webauthn:extension:credBlob: true, webauthn:extension:largeBlob: true, webauthn:extension:minPinLength: true, webauthn:extension:prf: true, webauthn:virtualAuthenticators: true}
Session ID: 3eb32f1c425640d2de1cb9bd33ddcc74
at org.openqa.selenium.remote.ErrorCodec.decode(ErrorCodec.java:167)
at org.openqa.selenium.remote.codec.w3c.W3CHttpResponseCodec.decode(W3CHttpResponseCodec.java:138)
at org.openqa.selenium.remote.codec.w3c.W3CHttpResponseCodec.decode(W3CHttpResponseCodec.java:50)
at org.openqa.selenium.remote.HttpCommandExecutor.execute(HttpCommandExecutor.java:215)
at org.openqa.selenium.remote.service.DriverCommandExecutor.invokeExecute(DriverCommandExecutor.java:216)
at org.openqa.selenium.remote.service.DriverCommandExecutor.execute(DriverCommandExecutor.java:174)
at org.openqa.selenium.remote.RemoteWebDriver.execute(RemoteWebDriver.java:544)
at org.openqa.selenium.remote.RemoteWebDriver.get(RemoteWebDriver.java:312)
at com.useractionsinifs.pageObjects.LoginPage.goTo(LoginPage.java:77)
at com.useractionsinifs.testComponents.BaseTest.initializeDriver(BaseTest.java:163)
at java.base/java.util.ArrayList.forEach(ArrayList.java:1596)
... Removed 36 stack frames]]>
    </failure>
  </testcase> <!-- @BeforeMethod initializeDriver -->
  <testcase classname="com.useractionsinifs.testComponents.BaseTest" name="@BeforeMethod initializeDriver" time="21.507">
    <failure type="org.openqa.selenium.TimeoutException" message="timeout: Timed out receiving message from renderer: 5.281
  (Session info: chrome=138.0.7204.184)
Build info: version: &amp;apos;4.33.0&amp;apos;, revision: &amp;apos;2c6aaad03a&amp;apos;
System info: os.name: &amp;apos;Windows 11&amp;apos;, os.arch: &amp;apos;amd64&amp;apos;, os.version: &amp;apos;10.0&amp;apos;, java.version: &amp;apos;21.0.6&amp;apos;
Driver info: org.openqa.selenium.chrome.ChromeDriver
Command: [208347fb86cb561456042133f37ccb73, get {url=https://mingle-t20-portal.mingle.inforos.dev.inforcloudsuite.com/v2/INTQAINFOROSV2_AX1}]
Capabilities {acceptInsecureCerts: false, browserName: chrome, browserVersion: 138.0.7204.184, chrome: {chromedriverVersion: 138.0.7204.183 (e90faf484dd..., userDataDir: C:\Users\ndurthu\AppData\Lo...}, fedcm:accounts: true, goog:chromeOptions: {debuggerAddress: localhost:52342}, networkConnectionEnabled: false, pageLoadStrategy: normal, platformName: windows, proxy: Proxy(), se:cdp: ws://localhost:52342/devtoo..., se:cdpVersion: 138.0.7204.184, setWindowRect: true, strictFileInteractability: false, timeouts: {implicit: 0, pageLoad: 300000, script: 30000}, unhandledPromptBehavior: dismiss and notify, webauthn:extension:credBlob: true, webauthn:extension:largeBlob: true, webauthn:extension:minPinLength: true, webauthn:extension:prf: true, webauthn:virtualAuthenticators: true}
Session ID: 208347fb86cb561456042133f37ccb73">
      <![CDATA[org.openqa.selenium.TimeoutException: timeout: Timed out receiving message from renderer: 5.281
  (Session info: chrome=138.0.7204.184)
Build info: version: '4.33.0', revision: '2c6aaad03a'
System info: os.name: 'Windows 11', os.arch: 'amd64', os.version: '10.0', java.version: '21.0.6'
Driver info: org.openqa.selenium.chrome.ChromeDriver
Command: [208347fb86cb561456042133f37ccb73, get {url=https://mingle-t20-portal.mingle.inforos.dev.inforcloudsuite.com/v2/INTQAINFOROSV2_AX1}]
Capabilities {acceptInsecureCerts: false, browserName: chrome, browserVersion: 138.0.7204.184, chrome: {chromedriverVersion: 138.0.7204.183 (e90faf484dd..., userDataDir: C:\Users\ndurthu\AppData\Lo...}, fedcm:accounts: true, goog:chromeOptions: {debuggerAddress: localhost:52342}, networkConnectionEnabled: false, pageLoadStrategy: normal, platformName: windows, proxy: Proxy(), se:cdp: ws://localhost:52342/devtoo..., se:cdpVersion: 138.0.7204.184, setWindowRect: true, strictFileInteractability: false, timeouts: {implicit: 0, pageLoad: 300000, script: 30000}, unhandledPromptBehavior: dismiss and notify, webauthn:extension:credBlob: true, webauthn:extension:largeBlob: true, webauthn:extension:minPinLength: true, webauthn:extension:prf: true, webauthn:virtualAuthenticators: true}
Session ID: 208347fb86cb561456042133f37ccb73
at org.openqa.selenium.remote.ErrorCodec.decode(ErrorCodec.java:167)
at org.openqa.selenium.remote.codec.w3c.W3CHttpResponseCodec.decode(W3CHttpResponseCodec.java:138)
at org.openqa.selenium.remote.codec.w3c.W3CHttpResponseCodec.decode(W3CHttpResponseCodec.java:50)
at org.openqa.selenium.remote.HttpCommandExecutor.execute(HttpCommandExecutor.java:215)
at org.openqa.selenium.remote.service.DriverCommandExecutor.invokeExecute(DriverCommandExecutor.java:216)
at org.openqa.selenium.remote.service.DriverCommandExecutor.execute(DriverCommandExecutor.java:174)
at org.openqa.selenium.remote.RemoteWebDriver.execute(RemoteWebDriver.java:544)
at org.openqa.selenium.remote.RemoteWebDriver.get(RemoteWebDriver.java:312)
at com.useractionsinifs.pageObjects.LoginPage.goTo(LoginPage.java:77)
at com.useractionsinifs.testComponents.BaseTest.initializeDriver(BaseTest.java:163)
at java.base/java.util.ArrayList.forEach(ArrayList.java:1596)
... Removed 36 stack frames]]>
    </failure>
  </testcase> <!-- @BeforeMethod initializeDriver -->
  <testcase classname="com.useractionsinifs.testCases.LoginTests" name="validLoginTest" time="0.0">
    <skipped/>
  </testcase> <!-- validLoginTest -->
  <testcase classname="com.useractionsinifs.testCases.LoginTests" name="validLoginTest" time="0.0">
    <skipped/>
  </testcase> <!-- validLoginTest -->
  <testcase classname="com.useractionsinifs.testCases.LoginTests" name="validLoginTest" time="0.0">
    <skipped/>
  </testcase> <!-- validLoginTest -->
  <testcase classname="com.useractionsinifs.testCases.LoginTests" name="invalidLoginTest" time="0.0">
    <ignored/>
  </testcase> <!-- invalidLoginTest -->
</testsuite> <!-- Login Tests -->
