<?xml version="1.0" encoding="UTF-8"?>
<!-- Generated by org.testng.reporters.JUnitXMLReporter -->
<testsuite ignored="0" hostname="INRONNDURTHU01" failures="0" tests="6" name="Login Tests" time="65.903" errors="0" timestamp="2025-08-08T22:54:43 IST">
  <testcase classname="com.useractionsinifs.testCases.LoginTests" name="validLoginTest" time="13.553"/>
  <testcase classname="com.useractionsinifs.testCases.LoginTests" name="invalidLoginTest" time="4.763"/>
  <testcase classname="com.useractionsinifs.testCases.LoginTests" name="invalidLoginTest" time="4.901"/>
  <testcase classname="com.useractionsinifs.testCases.LoginTests" name="invalidLoginTest" time="4.886"/>
  <testcase classname="com.useractionsinifs.testCases.LoginTests" name="invalidLoginTest" time="3.805"/>
  <testcase classname="com.useractionsinifs.testCases.LoginTests" name="invalidLoginTest" time="3.646"/>
</testsuite> <!-- Login Tests -->
