<?xml version="1.0" encoding="UTF-8"?>
<!-- Generated by org.testng.reporters.JUnitXMLReporter -->
<testsuite ignored="6" hostname="INRONNDURTHU01" failures="2" tests="5" name="Regression Tests" time="136.273" errors="0" timestamp="2025-08-07T23:03:59 IST">
  <testcase classname="com.useractionsinifs.testCases.LoginTests" name="validLoginTest" time="17.85"/>
  <testcase classname="com.useractionsinifs.testCases.LoginTests" name="validLoginTest" time="14.126"/>
  <testcase classname="com.useractionsinifs.testCases.LoginTests" name="validLoginTest" time="18.194"/>
  <testcase classname="com.useractionsinifs.testCases.UserCreationTest" name="createUserTest" time="11.089">
    <failure type="java.lang.NullPointerException" message="Cannot invoke &amp;quot;org.openqa.selenium.WebElement.sendKeys(java.lang.CharSequence[])&amp;quot; because the return value of &amp;quot;com.useractionsinifs.abstractComponents.AbstractComponents.accessDOMElement(String)&amp;quot; is null">
      <![CDATA[java.lang.NullPointerException: Cannot invoke "org.openqa.selenium.WebElement.sendKeys(java.lang.CharSequence[])" because the return value of "com.useractionsinifs.abstractComponents.AbstractComponents.accessDOMElement(String)" is null
at com.useractionsinifs.abstractComponents.AbstractComponents.appMenuNavigation(AbstractComponents.java:224)
at com.useractionsinifs.pageObjects.LandingPage.navigateToComponent(LandingPage.java:26)
at com.useractionsinifs.testCases.UserCreationTest.createUserTest(UserCreationTest.java:58)
at java.base/java.util.ArrayList.forEach(ArrayList.java:1596)
... Removed 29 stack frames]]>
    </failure>
  </testcase> <!-- createUserTest -->
  <testcase classname="com.useractionsinifs.testCases.UserDeletionTest" name="deleteUserTest" time="23.211">
    <failure type="java.lang.IllegalArgumentException" message="Keys to send should be a not null CharSequence">
      <![CDATA[java.lang.IllegalArgumentException: Keys to send should be a not null CharSequence
at org.openqa.selenium.remote.RemoteWebElement.sendKeys(RemoteWebElement.java:96)
at org.openqa.selenium.support.pagefactory.internal.LocatingElementHandler.invoke(LocatingElementHandler.java:51)
at jdk.proxy2/jdk.proxy2.$Proxy29.sendKeys(Unknown Source)
at com.useractionsinifs.pageObjects.SecurityPage_Users.deleteUser(SecurityPage_Users.java:193)
at com.useractionsinifs.testCases.UserDeletionTest.deleteUserTest(UserDeletionTest.java:62)
at java.base/java.util.ArrayList.forEach(ArrayList.java:1596)
... Removed 31 stack frames]]>
    </failure>
  </testcase> <!-- deleteUserTest -->
  <testcase classname="com.useractionsinifs.testCases.UserEnableDisableTest" name="enableDisableUserTest" time="0.0">
    <ignored/>
  </testcase> <!-- enableDisableUserTest -->
  <testcase classname="com.useractionsinifs.testCases.LoginTests" name="invalidLoginTest" time="0.0">
    <ignored/>
  </testcase> <!-- invalidLoginTest -->
  <testcase classname="com.useractionsinifs.testCases.UserCopyTest" name="copyUserTest" time="0.0">
    <ignored/>
  </testcase> <!-- copyUserTest -->
  <testcase classname="com.useractionsinifs.testCases.UserImportExportTest" name="importUsersTest" time="0.0">
    <ignored/>
  </testcase> <!-- importUsersTest -->
  <testcase classname="com.useractionsinifs.testCases.UserImportExportTest" name="exportUsersTest" time="0.0">
    <ignored/>
  </testcase> <!-- exportUsersTest -->
  <testcase classname="com.useractionsinifs.testCases.UserSecurityRolesTest" name="addSecurityRolesTest" time="0.0">
    <ignored/>
  </testcase> <!-- addSecurityRolesTest -->
</testsuite> <!-- Regression Tests -->
