<?xml version="1.0" encoding="UTF-8"?>
<!-- Generated by org.testng.reporters.JUnitXMLReporter -->
<testsuite ignored="5" hostname="INRONNDURTHU01" failures="0" tests="0" name="Regression Tests" time="0.0" errors="0" timestamp="2025-08-08T08:59:08 IST">
  <testcase classname="com.useractionsinifs.testCases.UserSecurityRolesTest" name="addSecurityRolesTest" time="0.0">
    <ignored/>
  </testcase> <!-- addSecurityRolesTest -->
  <testcase classname="com.useractionsinifs.testCases.UserCopyTest" name="copyUserTest" time="0.0">
    <ignored/>
  </testcase> <!-- copyUserTest -->
  <testcase classname="com.useractionsinifs.testCases.UserImportExportTest" name="importUsersTest" time="0.0">
    <ignored/>
  </testcase> <!-- importUsersTest -->
  <testcase classname="com.useractionsinifs.testCases.UserImportExportTest" name="exportUsersTest" time="0.0">
    <ignored/>
  </testcase> <!-- exportUsersTest -->
  <testcase classname="com.useractionsinifs.testCases.UserEnableDisableTest" name="enableDisableUserTest" time="0.0">
    <ignored/>
  </testcase> <!-- enableDisableUserTest -->
</testsuite> <!-- Regression Tests -->
