<?xml version="1.0" encoding="UTF-8"?>
<!-- Generated by org.testng.reporters.JUnitXMLReporter -->
<testsuite ignored="0" hostname="INRONNDURTHU01" failures="0" tests="4" name="Smoke Tests" time="197.515" errors="0" timestamp="2025-08-08T22:58:01 IST">
  <testcase classname="com.useractionsinifs.testCases.UserCreationTest" name="createUserTest" time="52.076"/>
  <testcase classname="com.useractionsinifs.testCases.UserPasswordResetTest" name="resetPasswordTest" time="28.867"/>
  <testcase classname="com.useractionsinifs.testCases.UserDeletionTest" name="deleteUserTest" time="9.858">
    <skipped/>
  </testcase> <!-- deleteUserTest -->
  <testcase classname="com.useractionsinifs.testCases.UserDeletionTest" name="deleteUserTest" time="48.52"/>
</testsuite> <!-- Smoke Tests -->
