<?xml version="1.0" encoding="UTF-8"?>
<testsuite xmlns:xsi="http://www.w3.org/2001/XMLSchema-instance" xsi:noNamespaceSchemaLocation="https://maven.apache.org/surefire/maven-surefire-plugin/xsd/surefire-test-report-3.0.xsd" version="3.0" name="TestSuite" time="414.651" tests="14" errors="0" skipped="0" failures="5">
  <properties>
[...]
</properties>
  <testcase name="validLoginTest[{description=Valid user credentials - My user, password=Nrth~dd4s#kola8, username=shashank.durthu@infor.com}](1)" classname="com.useractionsinifs.testCases.LoginTests" time="18.85">
    <system-out><![CDATA[22:57:05.923 [main] INFO  com.useractionsinifs.resources.ExtentReportsManager - ExtentReports initialized. Report will be saved at: C:\Users\ndurthu\OneDrive - Infor\Documents\WindSurf\UserActionsInIFS\reports\TestReport_20250807_225705.html
22:57:11.290 [main] INFO  com.useractionsinifs.testCases.LoginTests - Starting Valid Login Test
22:57:11.290 [main] INFO  com.useractionsinifs.testCases.LoginTests - Using credentials: Valid user credentials - My user
22:57:17.170 [main] INFO  com.useractionsinifs.testCases.LoginTests - Verifying successful login
22:57:25.183 [main] INFO  com.useractionsinifs.abstractComponents.AbstractComponents - Waiting for shadow DOM element: document.querySelector('#osp-nav-user-profile').shadowRoot.querySelector('button')
true this is for document.querySelector('#osp-nav-user-profile').shadowRoot.querySelector('button')
22:57:30.126 [main] INFO  com.useractionsinifs.abstractComponents.AbstractComponents - Shadow DOM element found: document.querySelector('#osp-nav-user-profile').shadowRoot.querySelector('button')
22:57:30.131 [main] INFO  com.useractionsinifs.testCases.LoginTests - Login test completed successfully
]]></system-out>
    <system-err><![CDATA[SLF4J(W): No SLF4J providers were found.
SLF4J(W): Defaulting to no-operation (NOP) logger implementation
SLF4J(W): See https://www.slf4j.org/codes.html#noProviders for further details.
Aug 07, 2025 10:57:08 PM org.openqa.selenium.devtools.CdpVersionFinder findNearestMatch
WARNING: Unable to find an exact match for CDP version 138, returning the closest version; found: 137; Please update to a Selenium version that supports CDP version 138
]]></system-err>
  </testcase>
  <testcase name="validLoginTest[{description=Valid user credentials - My user, password=Nrth~dd4s#kola8, username=shashank.durthu@infor.com}](1)" classname="com.useractionsinifs.testCases.LoginTests" time="16.91">
    <system-out><![CDATA[22:58:16.410 [main] INFO  com.useractionsinifs.testComponents.BaseTest - Executing test teardown
22:58:16.500 [main] INFO  com.useractionsinifs.testComponents.BaseTest - Switched to main document context
22:58:16.500 [main] INFO  com.useractionsinifs.testComponents.BaseTest - Exited frame contexts
22:58:16.500 [main] INFO  com.useractionsinifs.testComponents.BaseTest - Checking if user is logged in...
22:58:16.555 [main] INFO  com.useractionsinifs.testComponents.BaseTest - User is logged in. Performing logout...
22:58:16.555 [main] INFO  com.useractionsinifs.abstractComponents.AbstractComponents - Clicking logout button
22:58:16.789 [main] INFO  com.useractionsinifs.abstractComponents.AbstractComponents - Waiting for shadow DOM element: document.querySelector('#osp-nav-menu-signout')
true this is for document.querySelector('#osp-nav-menu-signout')
22:58:16.801 [main] INFO  com.useractionsinifs.abstractComponents.AbstractComponents - Shadow DOM element found: document.querySelector('#osp-nav-menu-signout')
22:58:16.889 [main] ERROR com.useractionsinifs.abstractComponents.AbstractComponents - Logout failed
org.openqa.selenium.ElementNotInteractableException: element not interactable: element has zero size
  (Session info: chrome=138.0.7204.184)
Build info: version: '4.33.0', revision: '2c6aaad03a'
System info: os.name: 'Windows 11', os.arch: 'amd64', os.version: '10.0', java.version: '21.0.6'
Driver info: org.openqa.selenium.chrome.ChromeDriver
Command: [845e8d90d9cf7ea92e87987cb1fbb657, clickElement {id=f.28E2319454AD42246841F4D63A240BD5.d.9760BFD528696ED2F3625F2ACBA2B2CD.e.28}]
Capabilities {acceptInsecureCerts: false, browserName: chrome, browserVersion: 138.0.7204.184, chrome: {chromedriverVersion: 138.0.7204.183 (e90faf484dd..., userDataDir: C:\Users\ndurthu\AppData\Lo...}, fedcm:accounts: true, goog:chromeOptions: {debuggerAddress: localhost:49834}, networkConnectionEnabled: false, pageLoadStrategy: normal, platformName: windows, proxy: Proxy(), se:cdp: ws://localhost:49834/devtoo..., se:cdpVersion: 138.0.7204.184, setWindowRect: true, strictFileInteractability: false, timeouts: {implicit: 0, pageLoad: 300000, script: 30000}, unhandledPromptBehavior: dismiss and notify, webauthn:extension:credBlob: true, webauthn:extension:largeBlob: true, webauthn:extension:minPinLength: true, webauthn:extension:prf: true, webauthn:virtualAuthenticators: true}
Element: [org.openqa.selenium.remote.RemoteWebElement@ac3d0430 -> unknown locator]
Session ID: 845e8d90d9cf7ea92e87987cb1fbb657
	at jdk.internal.reflect.DirectConstructorHandleAccessor.newInstance(DirectConstructorHandleAccessor.java:62) ~[?:?]
	at java.lang.reflect.Constructor.newInstanceWithCaller(Constructor.java:502) ~[?:?]
	at java.lang.reflect.Constructor.newInstance(Constructor.java:486) ~[?:?]
	at org.openqa.selenium.remote.ErrorCodec.decode(ErrorCodec.java:167) ~[selenium-remote-driver-4.33.0.jar:?]
	at org.openqa.selenium.remote.codec.w3c.W3CHttpResponseCodec.decode(W3CHttpResponseCodec.java:138) ~[selenium-remote-driver-4.33.0.jar:?]
	at org.openqa.selenium.remote.codec.w3c.W3CHttpResponseCodec.decode(W3CHttpResponseCodec.java:50) ~[selenium-remote-driver-4.33.0.jar:?]
	at org.openqa.selenium.remote.HttpCommandExecutor.execute(HttpCommandExecutor.java:215) ~[selenium-remote-driver-4.33.0.jar:?]
	at org.openqa.selenium.remote.service.DriverCommandExecutor.invokeExecute(DriverCommandExecutor.java:216) ~[selenium-remote-driver-4.33.0.jar:?]
	at org.openqa.selenium.remote.service.DriverCommandExecutor.execute(DriverCommandExecutor.java:174) ~[selenium-remote-driver-4.33.0.jar:?]
	at org.openqa.selenium.remote.RemoteWebDriver.execute(RemoteWebDriver.java:544) ~[selenium-remote-driver-4.33.0.jar:?]
	at org.openqa.selenium.remote.RemoteWebElement.execute(RemoteWebElement.java:223) ~[selenium-remote-driver-4.33.0.jar:?]
	at org.openqa.selenium.remote.RemoteWebElement.click(RemoteWebElement.java:76) ~[selenium-remote-driver-4.33.0.jar:?]
	at com.useractionsinifs.abstractComponents.AbstractComponents.userLogout(AbstractComponents.java:324) ~[classes/:?]
	at com.useractionsinifs.testComponents.BaseTest.tearDown(BaseTest.java:187) ~[test-classes/:?]
	at jdk.internal.reflect.DirectMethodHandleAccessor.invoke(DirectMethodHandleAccessor.java:103) ~[?:?]
	at java.lang.reflect.Method.invoke(Method.java:580) ~[?:?]
	at org.testng.internal.invokers.MethodInvocationHelper.invokeMethod(MethodInvocationHelper.java:141) ~[testng-7.11.0.jar:7.11.0]
	at org.testng.internal.invokers.MethodInvocationHelper.invokeMethodConsideringTimeout(MethodInvocationHelper.java:71) ~[testng-7.11.0.jar:7.11.0]
	at org.testng.internal.invokers.ConfigInvoker.invokeConfigurationMethod(ConfigInvoker.java:400) ~[testng-7.11.0.jar:7.11.0]
	at org.testng.internal.invokers.ConfigInvoker.invokeConfigurations(ConfigInvoker.java:333) ~[testng-7.11.0.jar:7.11.0]
	at org.testng.internal.invokers.TestInvoker.runConfigMethods(TestInvoker.java:836) ~[testng-7.11.0.jar:7.11.0]
	at org.testng.internal.invokers.TestInvoker.runAfterConfigurations(TestInvoker.java:805) ~[testng-7.11.0.jar:7.11.0]
	at org.testng.internal.invokers.TestInvoker.invokeMethod(TestInvoker.java:781) ~[testng-7.11.0.jar:7.11.0]
	at org.testng.internal.invokers.TestInvoker.invokeTestMethod(TestInvoker.java:230) ~[testng-7.11.0.jar:7.11.0]
	at org.testng.internal.invokers.MethodRunner.runInSequence(MethodRunner.java:63) ~[testng-7.11.0.jar:7.11.0]
	at org.testng.internal.invokers.TestInvoker$MethodInvocationAgent.invoke(TestInvoker.java:995) ~[testng-7.11.0.jar:7.11.0]
	at org.testng.internal.invokers.TestInvoker.invokeTestMethods(TestInvoker.java:203) ~[testng-7.11.0.jar:7.11.0]
	at org.testng.internal.invokers.TestMethodWorker.invokeTestMethods(TestMethodWorker.java:154) ~[testng-7.11.0.jar:7.11.0]
	at org.testng.internal.invokers.TestMethodWorker.run(TestMethodWorker.java:134) ~[testng-7.11.0.jar:7.11.0]
	at java.util.ArrayList.forEach(ArrayList.java:1596) [?:?]
	at org.testng.TestRunner.privateRun(TestRunner.java:741) [testng-7.11.0.jar:7.11.0]
	at org.testng.TestRunner.run(TestRunner.java:616) [testng-7.11.0.jar:7.11.0]
	at org.testng.SuiteRunner.runTest(SuiteRunner.java:421) [testng-7.11.0.jar:7.11.0]
	at org.testng.SuiteRunner.runSequentially(SuiteRunner.java:413) [testng-7.11.0.jar:7.11.0]
	at org.testng.SuiteRunner.privateRun(SuiteRunner.java:373) [testng-7.11.0.jar:7.11.0]
	at org.testng.SuiteRunner.run(SuiteRunner.java:312) [testng-7.11.0.jar:7.11.0]
	at org.testng.SuiteRunnerWorker.runSuite(SuiteRunnerWorker.java:52) [testng-7.11.0.jar:7.11.0]
	at org.testng.SuiteRunnerWorker.run(SuiteRunnerWorker.java:95) [testng-7.11.0.jar:7.11.0]
	at org.testng.TestNG.runSuitesSequentially(TestNG.java:1274) [testng-7.11.0.jar:7.11.0]
	at org.testng.TestNG.runSuitesLocally(TestNG.java:1208) [testng-7.11.0.jar:7.11.0]
	at org.testng.TestNG.runSuites(TestNG.java:1112) [testng-7.11.0.jar:7.11.0]
	at org.testng.TestNG.run(TestNG.java:1079) [testng-7.11.0.jar:7.11.0]
	at org.apache.maven.surefire.testng.TestNGExecutor.run(TestNGExecutor.java:308) [surefire-testng-3.1.2.jar:3.1.2]
	at org.apache.maven.surefire.testng.TestNGXmlTestSuite.execute(TestNGXmlTestSuite.java:71) [surefire-testng-3.1.2.jar:3.1.2]
	at org.apache.maven.surefire.testng.TestNGProvider.invoke(TestNGProvider.java:113) [surefire-testng-3.1.2.jar:3.1.2]
	at org.apache.maven.surefire.booter.ForkedBooter.runSuitesInProcess(ForkedBooter.java:385) [surefire-booter-3.1.2.jar:3.1.2]
	at org.apache.maven.surefire.booter.ForkedBooter.execute(ForkedBooter.java:162) [surefire-booter-3.1.2.jar:3.1.2]
	at org.apache.maven.surefire.booter.ForkedBooter.run(ForkedBooter.java:507) [surefire-booter-3.1.2.jar:3.1.2]
	at org.apache.maven.surefire.booter.ForkedBooter.main(ForkedBooter.java:495) [surefire-booter-3.1.2.jar:3.1.2]
22:58:16.889 [main] ERROR com.useractionsinifs.testComponents.BaseTest - Error during logout process: Logout failed
java.lang.RuntimeException: Logout failed
	at com.useractionsinifs.abstractComponents.AbstractComponents.userLogout(AbstractComponents.java:328) ~[classes/:?]
	at com.useractionsinifs.testComponents.BaseTest.tearDown(BaseTest.java:187) ~[test-classes/:?]
	at jdk.internal.reflect.DirectMethodHandleAccessor.invoke(DirectMethodHandleAccessor.java:103) ~[?:?]
	at java.lang.reflect.Method.invoke(Method.java:580) ~[?:?]
	at org.testng.internal.invokers.MethodInvocationHelper.invokeMethod(MethodInvocationHelper.java:141) ~[testng-7.11.0.jar:7.11.0]
	at org.testng.internal.invokers.MethodInvocationHelper.invokeMethodConsideringTimeout(MethodInvocationHelper.java:71) ~[testng-7.11.0.jar:7.11.0]
	at org.testng.internal.invokers.ConfigInvoker.invokeConfigurationMethod(ConfigInvoker.java:400) ~[testng-7.11.0.jar:7.11.0]
	at org.testng.internal.invokers.ConfigInvoker.invokeConfigurations(ConfigInvoker.java:333) ~[testng-7.11.0.jar:7.11.0]
	at org.testng.internal.invokers.TestInvoker.runConfigMethods(TestInvoker.java:836) ~[testng-7.11.0.jar:7.11.0]
	at org.testng.internal.invokers.TestInvoker.runAfterConfigurations(TestInvoker.java:805) ~[testng-7.11.0.jar:7.11.0]
	at org.testng.internal.invokers.TestInvoker.invokeMethod(TestInvoker.java:781) ~[testng-7.11.0.jar:7.11.0]
	at org.testng.internal.invokers.TestInvoker.invokeTestMethod(TestInvoker.java:230) ~[testng-7.11.0.jar:7.11.0]
	at org.testng.internal.invokers.MethodRunner.runInSequence(MethodRunner.java:63) ~[testng-7.11.0.jar:7.11.0]
	at org.testng.internal.invokers.TestInvoker$MethodInvocationAgent.invoke(TestInvoker.java:995) ~[testng-7.11.0.jar:7.11.0]
	at org.testng.internal.invokers.TestInvoker.invokeTestMethods(TestInvoker.java:203) ~[testng-7.11.0.jar:7.11.0]
	at org.testng.internal.invokers.TestMethodWorker.invokeTestMethods(TestMethodWorker.java:154) ~[testng-7.11.0.jar:7.11.0]
	at org.testng.internal.invokers.TestMethodWorker.run(TestMethodWorker.java:134) ~[testng-7.11.0.jar:7.11.0]
	at java.util.ArrayList.forEach(ArrayList.java:1596) [?:?]
	at org.testng.TestRunner.privateRun(TestRunner.java:741) [testng-7.11.0.jar:7.11.0]
	at org.testng.TestRunner.run(TestRunner.java:616) [testng-7.11.0.jar:7.11.0]
	at org.testng.SuiteRunner.runTest(SuiteRunner.java:421) [testng-7.11.0.jar:7.11.0]
	at org.testng.SuiteRunner.runSequentially(SuiteRunner.java:413) [testng-7.11.0.jar:7.11.0]
	at org.testng.SuiteRunner.privateRun(SuiteRunner.java:373) [testng-7.11.0.jar:7.11.0]
	at org.testng.SuiteRunner.run(SuiteRunner.java:312) [testng-7.11.0.jar:7.11.0]
	at org.testng.SuiteRunnerWorker.runSuite(SuiteRunnerWorker.java:52) [testng-7.11.0.jar:7.11.0]
	at org.testng.SuiteRunnerWorker.run(SuiteRunnerWorker.java:95) [testng-7.11.0.jar:7.11.0]
	at org.testng.TestNG.runSuitesSequentially(TestNG.java:1274) [testng-7.11.0.jar:7.11.0]
	at org.testng.TestNG.runSuitesLocally(TestNG.java:1208) [testng-7.11.0.jar:7.11.0]
	at org.testng.TestNG.runSuites(TestNG.java:1112) [testng-7.11.0.jar:7.11.0]
	at org.testng.TestNG.run(TestNG.java:1079) [testng-7.11.0.jar:7.11.0]
	at org.apache.maven.surefire.testng.TestNGExecutor.run(TestNGExecutor.java:308) [surefire-testng-3.1.2.jar:3.1.2]
	at org.apache.maven.surefire.testng.TestNGXmlTestSuite.execute(TestNGXmlTestSuite.java:71) [surefire-testng-3.1.2.jar:3.1.2]
	at org.apache.maven.surefire.testng.TestNGProvider.invoke(TestNGProvider.java:113) [surefire-testng-3.1.2.jar:3.1.2]
	at org.apache.maven.surefire.booter.ForkedBooter.runSuitesInProcess(ForkedBooter.java:385) [surefire-booter-3.1.2.jar:3.1.2]
	at org.apache.maven.surefire.booter.ForkedBooter.execute(ForkedBooter.java:162) [surefire-booter-3.1.2.jar:3.1.2]
	at org.apache.maven.surefire.booter.ForkedBooter.run(ForkedBooter.java:507) [surefire-booter-3.1.2.jar:3.1.2]
	at org.apache.maven.surefire.booter.ForkedBooter.main(ForkedBooter.java:495) [surefire-booter-3.1.2.jar:3.1.2]
Caused by: org.openqa.selenium.ElementNotInteractableException: element not interactable: element has zero size
  (Session info: chrome=138.0.7204.184)
Build info: version: '4.33.0', revision: '2c6aaad03a'
System info: os.name: 'Windows 11', os.arch: 'amd64', os.version: '10.0', java.version: '21.0.6'
Driver info: org.openqa.selenium.chrome.ChromeDriver
Command: [845e8d90d9cf7ea92e87987cb1fbb657, clickElement {id=f.28E2319454AD42246841F4D63A240BD5.d.9760BFD528696ED2F3625F2ACBA2B2CD.e.28}]
Capabilities {acceptInsecureCerts: false, browserName: chrome, browserVersion: 138.0.7204.184, chrome: {chromedriverVersion: 138.0.7204.183 (e90faf484dd..., userDataDir: C:\Users\ndurthu\AppData\Lo...}, fedcm:accounts: true, goog:chromeOptions: {debuggerAddress: localhost:49834}, networkConnectionEnabled: false, pageLoadStrategy: normal, platformName: windows, proxy: Proxy(), se:cdp: ws://localhost:49834/devtoo..., se:cdpVersion: 138.0.7204.184, setWindowRect: true, strictFileInteractability: false, timeouts: {implicit: 0, pageLoad: 300000, script: 30000}, unhandledPromptBehavior: dismiss and notify, webauthn:extension:credBlob: true, webauthn:extension:largeBlob: true, webauthn:extension:minPinLength: true, webauthn:extension:prf: true, webauthn:virtualAuthenticators: true}
Element: [org.openqa.selenium.remote.RemoteWebElement@ac3d0430 -> unknown locator]
Session ID: 845e8d90d9cf7ea92e87987cb1fbb657
	at jdk.internal.reflect.DirectConstructorHandleAccessor.newInstance(DirectConstructorHandleAccessor.java:62) ~[?:?]
	at java.lang.reflect.Constructor.newInstanceWithCaller(Constructor.java:502) ~[?:?]
	at java.lang.reflect.Constructor.newInstance(Constructor.java:486) ~[?:?]
	at org.openqa.selenium.remote.ErrorCodec.decode(ErrorCodec.java:167) ~[selenium-remote-driver-4.33.0.jar:?]
	at org.openqa.selenium.remote.codec.w3c.W3CHttpResponseCodec.decode(W3CHttpResponseCodec.java:138) ~[selenium-remote-driver-4.33.0.jar:?]
	at org.openqa.selenium.remote.codec.w3c.W3CHttpResponseCodec.decode(W3CHttpResponseCodec.java:50) ~[selenium-remote-driver-4.33.0.jar:?]
	at org.openqa.selenium.remote.HttpCommandExecutor.execute(HttpCommandExecutor.java:215) ~[selenium-remote-driver-4.33.0.jar:?]
	at org.openqa.selenium.remote.service.DriverCommandExecutor.invokeExecute(DriverCommandExecutor.java:216) ~[selenium-remote-driver-4.33.0.jar:?]
	at org.openqa.selenium.remote.service.DriverCommandExecutor.execute(DriverCommandExecutor.java:174) ~[selenium-remote-driver-4.33.0.jar:?]
	at org.openqa.selenium.remote.RemoteWebDriver.execute(RemoteWebDriver.java:544) ~[selenium-remote-driver-4.33.0.jar:?]
	at org.openqa.selenium.remote.RemoteWebElement.execute(RemoteWebElement.java:223) ~[selenium-remote-driver-4.33.0.jar:?]
	at org.openqa.selenium.remote.RemoteWebElement.click(RemoteWebElement.java:76) ~[selenium-remote-driver-4.33.0.jar:?]
	at com.useractionsinifs.abstractComponents.AbstractComponents.userLogout(AbstractComponents.java:324) ~[classes/:?]
	... 36 more
22:58:16.889 [main] INFO  com.useractionsinifs.testComponents.BaseTest - Closing WebDriver session
22:58:17.268 [main] INFO  com.useractionsinifs.resources.ExtentReportsManager - Flushing ExtentReports
ExtentReports flushed and saved to reports directory
22:58:21.154 [main] INFO  com.useractionsinifs.testCases.LoginTests - Starting Valid Login Test
22:58:21.154 [main] INFO  com.useractionsinifs.testCases.LoginTests - Using credentials: Valid user credentials - My user
22:58:25.579 [main] INFO  com.useractionsinifs.testCases.LoginTests - Verifying successful login
22:58:33.582 [main] INFO  com.useractionsinifs.abstractComponents.AbstractComponents - Waiting for shadow DOM element: document.querySelector('#osp-nav-user-profile').shadowRoot.querySelector('button')
true this is for document.querySelector('#osp-nav-user-profile').shadowRoot.querySelector('button')
22:58:38.062 [main] INFO  com.useractionsinifs.abstractComponents.AbstractComponents - Shadow DOM element found: document.querySelector('#osp-nav-user-profile').shadowRoot.querySelector('button')
22:58:38.062 [main] INFO  com.useractionsinifs.testCases.LoginTests - Login test completed successfully
]]></system-out>
    <system-err><![CDATA[Aug 07, 2025 10:58:19 PM org.openqa.selenium.devtools.CdpVersionFinder findNearestMatch
WARNING: Unable to find an exact match for CDP version 138, returning the closest version; found: 137; Please update to a Selenium version that supports CDP version 138
]]></system-err>
  </testcase>
  <testcase name="validLoginTest[{description=Valid user credentials - My user, password=Nrth~dd4s#kola8, username=shashank.durthu@infor.com}](1)" classname="com.useractionsinifs.testCases.LoginTests" time="17.85">
    <system-out><![CDATA[23:01:30.402 [main] INFO  com.useractionsinifs.testComponents.BaseTest - Executing test teardown
23:01:30.410 [main] INFO  com.useractionsinifs.testComponents.BaseTest - Switched to main document context
23:01:30.410 [main] INFO  com.useractionsinifs.abstractComponents.AbstractComponents - Switching back to main document
23:01:30.410 [main] INFO  com.useractionsinifs.abstractComponents.AbstractComponents - Exited frame context: __FIRST_AVAILABLE_IFRAME__
23:01:30.410 [main] INFO  com.useractionsinifs.testComponents.BaseTest - Exited frame contexts
23:01:30.410 [main] INFO  com.useractionsinifs.testComponents.BaseTest - Checking if user is logged in...
23:01:30.457 [main] INFO  com.useractionsinifs.testComponents.BaseTest - User is logged in. Performing logout...
23:01:30.457 [main] INFO  com.useractionsinifs.abstractComponents.AbstractComponents - Clicking logout button
23:01:30.681 [main] INFO  com.useractionsinifs.abstractComponents.AbstractComponents - Waiting for shadow DOM element: document.querySelector('#osp-nav-menu-signout')
true this is for document.querySelector('#osp-nav-menu-signout')
23:01:30.700 [main] INFO  com.useractionsinifs.abstractComponents.AbstractComponents - Shadow DOM element found: document.querySelector('#osp-nav-menu-signout')
23:01:31.009 [main] INFO  com.useractionsinifs.abstractComponents.AbstractComponents - Logout successful
23:01:42.439 [main] INFO  com.useractionsinifs.testComponents.BaseTest - Logout successful
23:01:42.439 [main] INFO  com.useractionsinifs.testComponents.BaseTest - Exiting frame contexts...
23:01:42.439 [main] INFO  com.useractionsinifs.testComponents.BaseTest - Closing WebDriver session
23:01:42.892 [main] INFO  com.useractionsinifs.resources.ExtentReportsManager - Flushing ExtentReports
ExtentReports flushed and saved to reports directory
23:01:46.913 [main] INFO  com.useractionsinifs.testCases.LoginTests - Starting Valid Login Test
23:01:46.913 [main] INFO  com.useractionsinifs.testCases.LoginTests - Using credentials: Valid user credentials - My user
23:01:50.873 [main] INFO  com.useractionsinifs.testCases.LoginTests - Verifying successful login
23:01:58.885 [main] INFO  com.useractionsinifs.abstractComponents.AbstractComponents - Waiting for shadow DOM element: document.querySelector('#osp-nav-user-profile').shadowRoot.querySelector('button')
true this is for document.querySelector('#osp-nav-user-profile').shadowRoot.querySelector('button')
23:02:04.754 [main] INFO  com.useractionsinifs.abstractComponents.AbstractComponents - Shadow DOM element found: document.querySelector('#osp-nav-user-profile').shadowRoot.querySelector('button')
23:02:04.763 [main] INFO  com.useractionsinifs.testCases.LoginTests - Login test completed successfully
]]></system-out>
    <system-err><![CDATA[Aug 07, 2025 11:01:44 PM org.openqa.selenium.devtools.CdpVersionFinder findNearestMatch
WARNING: Unable to find an exact match for CDP version 138, returning the closest version; found: 137; Please update to a Selenium version that supports CDP version 138
]]></system-err>
  </testcase>
  <testcase name="validLoginTest[{description=Valid user credentials - Admin user, password=Nrth~dd4s#kola8, username=inforosqa01@infor.com}](2)" classname="com.useractionsinifs.testCases.LoginTests" time="18.077">
    <system-out><![CDATA[22:57:30.143 [main] INFO  com.useractionsinifs.testComponents.BaseTest - Executing test teardown
22:57:30.146 [main] INFO  com.useractionsinifs.testComponents.BaseTest - Switched to main document context
22:57:30.146 [main] INFO  com.useractionsinifs.testComponents.BaseTest - Exited frame contexts
22:57:30.146 [main] INFO  com.useractionsinifs.testComponents.BaseTest - Checking if user is logged in...
22:57:30.195 [main] INFO  com.useractionsinifs.testComponents.BaseTest - User is logged in. Performing logout...
22:57:30.195 [main] INFO  com.useractionsinifs.abstractComponents.AbstractComponents - Clicking logout button
22:57:30.433 [main] INFO  com.useractionsinifs.abstractComponents.AbstractComponents - Waiting for shadow DOM element: document.querySelector('#osp-nav-menu-signout')
true this is for document.querySelector('#osp-nav-menu-signout')
22:57:30.451 [main] INFO  com.useractionsinifs.abstractComponents.AbstractComponents - Shadow DOM element found: document.querySelector('#osp-nav-menu-signout')
22:57:30.552 [main] ERROR com.useractionsinifs.abstractComponents.AbstractComponents - Logout failed
org.openqa.selenium.ElementNotInteractableException: element not interactable: element has zero size
  (Session info: chrome=138.0.7204.184)
Build info: version: '4.33.0', revision: '2c6aaad03a'
System info: os.name: 'Windows 11', os.arch: 'amd64', os.version: '10.0', java.version: '21.0.6'
Driver info: org.openqa.selenium.chrome.ChromeDriver
Command: [c2335b095e9e32183319f9c4cbbc2956, clickElement {id=f.F95CB2CC05D77D3D2A6F0BE89C6F89C1.d.A35F255CB1E1B816B45F4E8E5920C5AC.e.64}]
Capabilities {acceptInsecureCerts: false, browserName: chrome, browserVersion: 138.0.7204.184, chrome: {chromedriverVersion: 138.0.7204.183 (e90faf484dd..., userDataDir: C:\Users\ndurthu\AppData\Lo...}, fedcm:accounts: true, goog:chromeOptions: {debuggerAddress: localhost:49402}, networkConnectionEnabled: false, pageLoadStrategy: normal, platformName: windows, proxy: Proxy(), se:cdp: ws://localhost:49402/devtoo..., se:cdpVersion: 138.0.7204.184, setWindowRect: true, strictFileInteractability: false, timeouts: {implicit: 0, pageLoad: 300000, script: 30000}, unhandledPromptBehavior: dismiss and notify, webauthn:extension:credBlob: true, webauthn:extension:largeBlob: true, webauthn:extension:minPinLength: true, webauthn:extension:prf: true, webauthn:virtualAuthenticators: true}
Element: [org.openqa.selenium.remote.RemoteWebElement@92bc2078 -> unknown locator]
Session ID: c2335b095e9e32183319f9c4cbbc2956
	at jdk.internal.reflect.DirectConstructorHandleAccessor.newInstance(DirectConstructorHandleAccessor.java:62) ~[?:?]
	at java.lang.reflect.Constructor.newInstanceWithCaller(Constructor.java:502) ~[?:?]
	at java.lang.reflect.Constructor.newInstance(Constructor.java:486) ~[?:?]
	at org.openqa.selenium.remote.ErrorCodec.decode(ErrorCodec.java:167) ~[selenium-remote-driver-4.33.0.jar:?]
	at org.openqa.selenium.remote.codec.w3c.W3CHttpResponseCodec.decode(W3CHttpResponseCodec.java:138) ~[selenium-remote-driver-4.33.0.jar:?]
	at org.openqa.selenium.remote.codec.w3c.W3CHttpResponseCodec.decode(W3CHttpResponseCodec.java:50) ~[selenium-remote-driver-4.33.0.jar:?]
	at org.openqa.selenium.remote.HttpCommandExecutor.execute(HttpCommandExecutor.java:215) ~[selenium-remote-driver-4.33.0.jar:?]
	at org.openqa.selenium.remote.service.DriverCommandExecutor.invokeExecute(DriverCommandExecutor.java:216) ~[selenium-remote-driver-4.33.0.jar:?]
	at org.openqa.selenium.remote.service.DriverCommandExecutor.execute(DriverCommandExecutor.java:174) ~[selenium-remote-driver-4.33.0.jar:?]
	at org.openqa.selenium.remote.RemoteWebDriver.execute(RemoteWebDriver.java:544) ~[selenium-remote-driver-4.33.0.jar:?]
	at org.openqa.selenium.remote.RemoteWebElement.execute(RemoteWebElement.java:223) ~[selenium-remote-driver-4.33.0.jar:?]
	at org.openqa.selenium.remote.RemoteWebElement.click(RemoteWebElement.java:76) ~[selenium-remote-driver-4.33.0.jar:?]
	at com.useractionsinifs.abstractComponents.AbstractComponents.userLogout(AbstractComponents.java:324) ~[classes/:?]
	at com.useractionsinifs.testComponents.BaseTest.tearDown(BaseTest.java:187) ~[test-classes/:?]
	at jdk.internal.reflect.DirectMethodHandleAccessor.invoke(DirectMethodHandleAccessor.java:103) ~[?:?]
	at java.lang.reflect.Method.invoke(Method.java:580) ~[?:?]
	at org.testng.internal.invokers.MethodInvocationHelper.invokeMethod(MethodInvocationHelper.java:141) ~[testng-7.11.0.jar:7.11.0]
	at org.testng.internal.invokers.MethodInvocationHelper.invokeMethodConsideringTimeout(MethodInvocationHelper.java:71) ~[testng-7.11.0.jar:7.11.0]
	at org.testng.internal.invokers.ConfigInvoker.invokeConfigurationMethod(ConfigInvoker.java:400) ~[testng-7.11.0.jar:7.11.0]
	at org.testng.internal.invokers.ConfigInvoker.invokeConfigurations(ConfigInvoker.java:333) ~[testng-7.11.0.jar:7.11.0]
	at org.testng.internal.invokers.TestInvoker.runConfigMethods(TestInvoker.java:836) ~[testng-7.11.0.jar:7.11.0]
	at org.testng.internal.invokers.TestInvoker.runAfterConfigurations(TestInvoker.java:805) ~[testng-7.11.0.jar:7.11.0]
	at org.testng.internal.invokers.TestInvoker.invokeMethod(TestInvoker.java:781) ~[testng-7.11.0.jar:7.11.0]
	at org.testng.internal.invokers.TestInvoker.invokeTestMethod(TestInvoker.java:230) ~[testng-7.11.0.jar:7.11.0]
	at org.testng.internal.invokers.MethodRunner.runInSequence(MethodRunner.java:63) ~[testng-7.11.0.jar:7.11.0]
	at org.testng.internal.invokers.TestInvoker$MethodInvocationAgent.invoke(TestInvoker.java:995) ~[testng-7.11.0.jar:7.11.0]
	at org.testng.internal.invokers.TestInvoker.invokeTestMethods(TestInvoker.java:203) ~[testng-7.11.0.jar:7.11.0]
	at org.testng.internal.invokers.TestMethodWorker.invokeTestMethods(TestMethodWorker.java:154) ~[testng-7.11.0.jar:7.11.0]
	at org.testng.internal.invokers.TestMethodWorker.run(TestMethodWorker.java:134) ~[testng-7.11.0.jar:7.11.0]
	at java.util.ArrayList.forEach(ArrayList.java:1596) [?:?]
	at org.testng.TestRunner.privateRun(TestRunner.java:741) [testng-7.11.0.jar:7.11.0]
	at org.testng.TestRunner.run(TestRunner.java:616) [testng-7.11.0.jar:7.11.0]
	at org.testng.SuiteRunner.runTest(SuiteRunner.java:421) [testng-7.11.0.jar:7.11.0]
	at org.testng.SuiteRunner.runSequentially(SuiteRunner.java:413) [testng-7.11.0.jar:7.11.0]
	at org.testng.SuiteRunner.privateRun(SuiteRunner.java:373) [testng-7.11.0.jar:7.11.0]
	at org.testng.SuiteRunner.run(SuiteRunner.java:312) [testng-7.11.0.jar:7.11.0]
	at org.testng.SuiteRunnerWorker.runSuite(SuiteRunnerWorker.java:52) [testng-7.11.0.jar:7.11.0]
	at org.testng.SuiteRunnerWorker.run(SuiteRunnerWorker.java:95) [testng-7.11.0.jar:7.11.0]
	at org.testng.TestNG.runSuitesSequentially(TestNG.java:1274) [testng-7.11.0.jar:7.11.0]
	at org.testng.TestNG.runSuitesLocally(TestNG.java:1208) [testng-7.11.0.jar:7.11.0]
	at org.testng.TestNG.runSuites(TestNG.java:1112) [testng-7.11.0.jar:7.11.0]
	at org.testng.TestNG.run(TestNG.java:1079) [testng-7.11.0.jar:7.11.0]
	at org.apache.maven.surefire.testng.TestNGExecutor.run(TestNGExecutor.java:308) [surefire-testng-3.1.2.jar:3.1.2]
	at org.apache.maven.surefire.testng.TestNGXmlTestSuite.execute(TestNGXmlTestSuite.java:71) [surefire-testng-3.1.2.jar:3.1.2]
	at org.apache.maven.surefire.testng.TestNGProvider.invoke(TestNGProvider.java:113) [surefire-testng-3.1.2.jar:3.1.2]
	at org.apache.maven.surefire.booter.ForkedBooter.runSuitesInProcess(ForkedBooter.java:385) [surefire-booter-3.1.2.jar:3.1.2]
	at org.apache.maven.surefire.booter.ForkedBooter.execute(ForkedBooter.java:162) [surefire-booter-3.1.2.jar:3.1.2]
	at org.apache.maven.surefire.booter.ForkedBooter.run(ForkedBooter.java:507) [surefire-booter-3.1.2.jar:3.1.2]
	at org.apache.maven.surefire.booter.ForkedBooter.main(ForkedBooter.java:495) [surefire-booter-3.1.2.jar:3.1.2]
22:57:30.570 [main] ERROR com.useractionsinifs.testComponents.BaseTest - Error during logout process: Logout failed
java.lang.RuntimeException: Logout failed
	at com.useractionsinifs.abstractComponents.AbstractComponents.userLogout(AbstractComponents.java:328) ~[classes/:?]
	at com.useractionsinifs.testComponents.BaseTest.tearDown(BaseTest.java:187) ~[test-classes/:?]
	at jdk.internal.reflect.DirectMethodHandleAccessor.invoke(DirectMethodHandleAccessor.java:103) ~[?:?]
	at java.lang.reflect.Method.invoke(Method.java:580) ~[?:?]
	at org.testng.internal.invokers.MethodInvocationHelper.invokeMethod(MethodInvocationHelper.java:141) ~[testng-7.11.0.jar:7.11.0]
	at org.testng.internal.invokers.MethodInvocationHelper.invokeMethodConsideringTimeout(MethodInvocationHelper.java:71) ~[testng-7.11.0.jar:7.11.0]
	at org.testng.internal.invokers.ConfigInvoker.invokeConfigurationMethod(ConfigInvoker.java:400) ~[testng-7.11.0.jar:7.11.0]
	at org.testng.internal.invokers.ConfigInvoker.invokeConfigurations(ConfigInvoker.java:333) ~[testng-7.11.0.jar:7.11.0]
	at org.testng.internal.invokers.TestInvoker.runConfigMethods(TestInvoker.java:836) ~[testng-7.11.0.jar:7.11.0]
	at org.testng.internal.invokers.TestInvoker.runAfterConfigurations(TestInvoker.java:805) ~[testng-7.11.0.jar:7.11.0]
	at org.testng.internal.invokers.TestInvoker.invokeMethod(TestInvoker.java:781) ~[testng-7.11.0.jar:7.11.0]
	at org.testng.internal.invokers.TestInvoker.invokeTestMethod(TestInvoker.java:230) ~[testng-7.11.0.jar:7.11.0]
	at org.testng.internal.invokers.MethodRunner.runInSequence(MethodRunner.java:63) ~[testng-7.11.0.jar:7.11.0]
	at org.testng.internal.invokers.TestInvoker$MethodInvocationAgent.invoke(TestInvoker.java:995) ~[testng-7.11.0.jar:7.11.0]
	at org.testng.internal.invokers.TestInvoker.invokeTestMethods(TestInvoker.java:203) ~[testng-7.11.0.jar:7.11.0]
	at org.testng.internal.invokers.TestMethodWorker.invokeTestMethods(TestMethodWorker.java:154) ~[testng-7.11.0.jar:7.11.0]
	at org.testng.internal.invokers.TestMethodWorker.run(TestMethodWorker.java:134) ~[testng-7.11.0.jar:7.11.0]
	at java.util.ArrayList.forEach(ArrayList.java:1596) [?:?]
	at org.testng.TestRunner.privateRun(TestRunner.java:741) [testng-7.11.0.jar:7.11.0]
	at org.testng.TestRunner.run(TestRunner.java:616) [testng-7.11.0.jar:7.11.0]
	at org.testng.SuiteRunner.runTest(SuiteRunner.java:421) [testng-7.11.0.jar:7.11.0]
	at org.testng.SuiteRunner.runSequentially(SuiteRunner.java:413) [testng-7.11.0.jar:7.11.0]
	at org.testng.SuiteRunner.privateRun(SuiteRunner.java:373) [testng-7.11.0.jar:7.11.0]
	at org.testng.SuiteRunner.run(SuiteRunner.java:312) [testng-7.11.0.jar:7.11.0]
	at org.testng.SuiteRunnerWorker.runSuite(SuiteRunnerWorker.java:52) [testng-7.11.0.jar:7.11.0]
	at org.testng.SuiteRunnerWorker.run(SuiteRunnerWorker.java:95) [testng-7.11.0.jar:7.11.0]
	at org.testng.TestNG.runSuitesSequentially(TestNG.java:1274) [testng-7.11.0.jar:7.11.0]
	at org.testng.TestNG.runSuitesLocally(TestNG.java:1208) [testng-7.11.0.jar:7.11.0]
	at org.testng.TestNG.runSuites(TestNG.java:1112) [testng-7.11.0.jar:7.11.0]
	at org.testng.TestNG.run(TestNG.java:1079) [testng-7.11.0.jar:7.11.0]
	at org.apache.maven.surefire.testng.TestNGExecutor.run(TestNGExecutor.java:308) [surefire-testng-3.1.2.jar:3.1.2]
	at org.apache.maven.surefire.testng.TestNGXmlTestSuite.execute(TestNGXmlTestSuite.java:71) [surefire-testng-3.1.2.jar:3.1.2]
	at org.apache.maven.surefire.testng.TestNGProvider.invoke(TestNGProvider.java:113) [surefire-testng-3.1.2.jar:3.1.2]
	at org.apache.maven.surefire.booter.ForkedBooter.runSuitesInProcess(ForkedBooter.java:385) [surefire-booter-3.1.2.jar:3.1.2]
	at org.apache.maven.surefire.booter.ForkedBooter.execute(ForkedBooter.java:162) [surefire-booter-3.1.2.jar:3.1.2]
	at org.apache.maven.surefire.booter.ForkedBooter.run(ForkedBooter.java:507) [surefire-booter-3.1.2.jar:3.1.2]
	at org.apache.maven.surefire.booter.ForkedBooter.main(ForkedBooter.java:495) [surefire-booter-3.1.2.jar:3.1.2]
Caused by: org.openqa.selenium.ElementNotInteractableException: element not interactable: element has zero size
  (Session info: chrome=138.0.7204.184)
Build info: version: '4.33.0', revision: '2c6aaad03a'
System info: os.name: 'Windows 11', os.arch: 'amd64', os.version: '10.0', java.version: '21.0.6'
Driver info: org.openqa.selenium.chrome.ChromeDriver
Command: [c2335b095e9e32183319f9c4cbbc2956, clickElement {id=f.F95CB2CC05D77D3D2A6F0BE89C6F89C1.d.A35F255CB1E1B816B45F4E8E5920C5AC.e.64}]
Capabilities {acceptInsecureCerts: false, browserName: chrome, browserVersion: 138.0.7204.184, chrome: {chromedriverVersion: 138.0.7204.183 (e90faf484dd..., userDataDir: C:\Users\ndurthu\AppData\Lo...}, fedcm:accounts: true, goog:chromeOptions: {debuggerAddress: localhost:49402}, networkConnectionEnabled: false, pageLoadStrategy: normal, platformName: windows, proxy: Proxy(), se:cdp: ws://localhost:49402/devtoo..., se:cdpVersion: 138.0.7204.184, setWindowRect: true, strictFileInteractability: false, timeouts: {implicit: 0, pageLoad: 300000, script: 30000}, unhandledPromptBehavior: dismiss and notify, webauthn:extension:credBlob: true, webauthn:extension:largeBlob: true, webauthn:extension:minPinLength: true, webauthn:extension:prf: true, webauthn:virtualAuthenticators: true}
Element: [org.openqa.selenium.remote.RemoteWebElement@92bc2078 -> unknown locator]
Session ID: c2335b095e9e32183319f9c4cbbc2956
	at jdk.internal.reflect.DirectConstructorHandleAccessor.newInstance(DirectConstructorHandleAccessor.java:62) ~[?:?]
	at java.lang.reflect.Constructor.newInstanceWithCaller(Constructor.java:502) ~[?:?]
	at java.lang.reflect.Constructor.newInstance(Constructor.java:486) ~[?:?]
	at org.openqa.selenium.remote.ErrorCodec.decode(ErrorCodec.java:167) ~[selenium-remote-driver-4.33.0.jar:?]
	at org.openqa.selenium.remote.codec.w3c.W3CHttpResponseCodec.decode(W3CHttpResponseCodec.java:138) ~[selenium-remote-driver-4.33.0.jar:?]
	at org.openqa.selenium.remote.codec.w3c.W3CHttpResponseCodec.decode(W3CHttpResponseCodec.java:50) ~[selenium-remote-driver-4.33.0.jar:?]
	at org.openqa.selenium.remote.HttpCommandExecutor.execute(HttpCommandExecutor.java:215) ~[selenium-remote-driver-4.33.0.jar:?]
	at org.openqa.selenium.remote.service.DriverCommandExecutor.invokeExecute(DriverCommandExecutor.java:216) ~[selenium-remote-driver-4.33.0.jar:?]
	at org.openqa.selenium.remote.service.DriverCommandExecutor.execute(DriverCommandExecutor.java:174) ~[selenium-remote-driver-4.33.0.jar:?]
	at org.openqa.selenium.remote.RemoteWebDriver.execute(RemoteWebDriver.java:544) ~[selenium-remote-driver-4.33.0.jar:?]
	at org.openqa.selenium.remote.RemoteWebElement.execute(RemoteWebElement.java:223) ~[selenium-remote-driver-4.33.0.jar:?]
	at org.openqa.selenium.remote.RemoteWebElement.click(RemoteWebElement.java:76) ~[selenium-remote-driver-4.33.0.jar:?]
	at com.useractionsinifs.abstractComponents.AbstractComponents.userLogout(AbstractComponents.java:324) ~[classes/:?]
	... 36 more
22:57:30.573 [main] INFO  com.useractionsinifs.testComponents.BaseTest - Closing WebDriver session
22:57:34.517 [main] INFO  com.useractionsinifs.testCases.LoginTests - Starting Valid Login Test
22:57:34.517 [main] INFO  com.useractionsinifs.testCases.LoginTests - Using credentials: Valid user credentials - Admin user
22:57:38.603 [main] INFO  com.useractionsinifs.testCases.LoginTests - Verifying successful login
22:57:46.608 [main] INFO  com.useractionsinifs.abstractComponents.AbstractComponents - Waiting for shadow DOM element: document.querySelector('#osp-nav-user-profile').shadowRoot.querySelector('button')
true this is for document.querySelector('#osp-nav-user-profile').shadowRoot.querySelector('button')
22:57:52.592 [main] INFO  com.useractionsinifs.abstractComponents.AbstractComponents - Shadow DOM element found: document.querySelector('#osp-nav-user-profile').shadowRoot.querySelector('button')
22:57:52.594 [main] INFO  com.useractionsinifs.testCases.LoginTests - Login test completed successfully
]]></system-out>
    <system-err><![CDATA[Aug 07, 2025 10:57:32 PM org.openqa.selenium.devtools.CdpVersionFinder findNearestMatch
WARNING: Unable to find an exact match for CDP version 138, returning the closest version; found: 137; Please update to a Selenium version that supports CDP version 138
]]></system-err>
  </testcase>
  <testcase name="validLoginTest[{description=Valid user credentials - Admin user, password=Nrth~dd4s#kola8, username=inforosqa01@infor.com}](2)" classname="com.useractionsinifs.testCases.LoginTests" time="12.648">
    <system-out><![CDATA[22:58:38.062 [main] INFO  com.useractionsinifs.testComponents.BaseTest - Executing test teardown
22:58:38.069 [main] INFO  com.useractionsinifs.testComponents.BaseTest - Switched to main document context
22:58:38.069 [main] INFO  com.useractionsinifs.testComponents.BaseTest - Exited frame contexts
22:58:38.069 [main] INFO  com.useractionsinifs.testComponents.BaseTest - Checking if user is logged in...
22:58:38.104 [main] INFO  com.useractionsinifs.testComponents.BaseTest - User is logged in. Performing logout...
22:58:38.104 [main] INFO  com.useractionsinifs.abstractComponents.AbstractComponents - Clicking logout button
22:58:38.239 [main] INFO  com.useractionsinifs.abstractComponents.AbstractComponents - Waiting for shadow DOM element: document.querySelector('#osp-nav-menu-signout')
true this is for document.querySelector('#osp-nav-menu-signout')
22:58:38.255 [main] INFO  com.useractionsinifs.abstractComponents.AbstractComponents - Shadow DOM element found: document.querySelector('#osp-nav-menu-signout')
22:58:39.383 [main] INFO  com.useractionsinifs.abstractComponents.AbstractComponents - Logout successful
22:58:50.551 [main] INFO  com.useractionsinifs.testComponents.BaseTest - Logout successful
22:58:50.551 [main] INFO  com.useractionsinifs.testComponents.BaseTest - Exiting frame contexts...
22:58:50.551 [main] INFO  com.useractionsinifs.testComponents.BaseTest - Closing WebDriver session
22:58:56.612 [main] INFO  com.useractionsinifs.testCases.LoginTests - Starting Valid Login Test
22:58:56.612 [main] INFO  com.useractionsinifs.testCases.LoginTests - Using credentials: Valid user credentials - Admin user
22:59:01.214 [main] INFO  com.useractionsinifs.testCases.LoginTests - Verifying successful login
22:59:09.236 [main] INFO  com.useractionsinifs.abstractComponents.AbstractComponents - Waiting for shadow DOM element: document.querySelector('#osp-nav-user-profile').shadowRoot.querySelector('button')
true this is for document.querySelector('#osp-nav-user-profile').shadowRoot.querySelector('button')
22:59:09.260 [main] INFO  com.useractionsinifs.abstractComponents.AbstractComponents - Shadow DOM element found: document.querySelector('#osp-nav-user-profile').shadowRoot.querySelector('button')
22:59:09.260 [main] INFO  com.useractionsinifs.testCases.LoginTests - Login test completed successfully
]]></system-out>
    <system-err><![CDATA[Aug 07, 2025 10:58:52 PM org.openqa.selenium.devtools.CdpVersionFinder findNearestMatch
WARNING: Unable to find an exact match for CDP version 138, returning the closest version; found: 137; Please update to a Selenium version that supports CDP version 138
]]></system-err>
  </testcase>
  <testcase name="validLoginTest[{description=Valid user credentials - Admin user, password=Nrth~dd4s#kola8, username=inforosqa01@infor.com}](2)" classname="com.useractionsinifs.testCases.LoginTests" time="14.127">
    <system-out><![CDATA[23:02:04.763 [main] INFO  com.useractionsinifs.testComponents.BaseTest - Executing test teardown
23:02:04.770 [main] INFO  com.useractionsinifs.testComponents.BaseTest - Switched to main document context
23:02:04.770 [main] INFO  com.useractionsinifs.testComponents.BaseTest - Exited frame contexts
23:02:04.770 [main] INFO  com.useractionsinifs.testComponents.BaseTest - Checking if user is logged in...
23:02:04.813 [main] INFO  com.useractionsinifs.testComponents.BaseTest - User is logged in. Performing logout...
23:02:04.813 [main] INFO  com.useractionsinifs.abstractComponents.AbstractComponents - Clicking logout button
23:02:05.058 [main] INFO  com.useractionsinifs.abstractComponents.AbstractComponents - Waiting for shadow DOM element: document.querySelector('#osp-nav-menu-signout')
true this is for document.querySelector('#osp-nav-menu-signout')
23:02:05.078 [main] INFO  com.useractionsinifs.abstractComponents.AbstractComponents - Shadow DOM element found: document.querySelector('#osp-nav-menu-signout')
23:02:05.194 [main] ERROR com.useractionsinifs.abstractComponents.AbstractComponents - Logout failed
org.openqa.selenium.ElementNotInteractableException: element not interactable: element has zero size
  (Session info: chrome=138.0.7204.184)
Build info: version: '4.33.0', revision: '2c6aaad03a'
System info: os.name: 'Windows 11', os.arch: 'amd64', os.version: '10.0', java.version: '21.0.6'
Driver info: org.openqa.selenium.chrome.ChromeDriver
Command: [d244f1f735709196d1a7aad257fc9836, clickElement {id=f.29CB98BE8CA58251B7C995CEB9CEB80C.d.BD00D817E48BE86D2429536BE09C9792.e.59}]
Capabilities {acceptInsecureCerts: false, browserName: chrome, browserVersion: 138.0.7204.184, chrome: {chromedriverVersion: 138.0.7204.183 (e90faf484dd..., userDataDir: C:\Users\ndurthu\AppData\Lo...}, fedcm:accounts: true, goog:chromeOptions: {debuggerAddress: localhost:50548}, networkConnectionEnabled: false, pageLoadStrategy: normal, platformName: windows, proxy: Proxy(), se:cdp: ws://localhost:50548/devtoo..., se:cdpVersion: 138.0.7204.184, setWindowRect: true, strictFileInteractability: false, timeouts: {implicit: 0, pageLoad: 300000, script: 30000}, unhandledPromptBehavior: dismiss and notify, webauthn:extension:credBlob: true, webauthn:extension:largeBlob: true, webauthn:extension:minPinLength: true, webauthn:extension:prf: true, webauthn:virtualAuthenticators: true}
Element: [org.openqa.selenium.remote.RemoteWebElement@5a83019e -> unknown locator]
Session ID: d244f1f735709196d1a7aad257fc9836
	at jdk.internal.reflect.DirectConstructorHandleAccessor.newInstance(DirectConstructorHandleAccessor.java:62) ~[?:?]
	at java.lang.reflect.Constructor.newInstanceWithCaller(Constructor.java:502) ~[?:?]
	at java.lang.reflect.Constructor.newInstance(Constructor.java:486) ~[?:?]
	at org.openqa.selenium.remote.ErrorCodec.decode(ErrorCodec.java:167) ~[selenium-remote-driver-4.33.0.jar:?]
	at org.openqa.selenium.remote.codec.w3c.W3CHttpResponseCodec.decode(W3CHttpResponseCodec.java:138) ~[selenium-remote-driver-4.33.0.jar:?]
	at org.openqa.selenium.remote.codec.w3c.W3CHttpResponseCodec.decode(W3CHttpResponseCodec.java:50) ~[selenium-remote-driver-4.33.0.jar:?]
	at org.openqa.selenium.remote.HttpCommandExecutor.execute(HttpCommandExecutor.java:215) ~[selenium-remote-driver-4.33.0.jar:?]
	at org.openqa.selenium.remote.service.DriverCommandExecutor.invokeExecute(DriverCommandExecutor.java:216) ~[selenium-remote-driver-4.33.0.jar:?]
	at org.openqa.selenium.remote.service.DriverCommandExecutor.execute(DriverCommandExecutor.java:174) ~[selenium-remote-driver-4.33.0.jar:?]
	at org.openqa.selenium.remote.RemoteWebDriver.execute(RemoteWebDriver.java:544) ~[selenium-remote-driver-4.33.0.jar:?]
	at org.openqa.selenium.remote.RemoteWebElement.execute(RemoteWebElement.java:223) ~[selenium-remote-driver-4.33.0.jar:?]
	at org.openqa.selenium.remote.RemoteWebElement.click(RemoteWebElement.java:76) ~[selenium-remote-driver-4.33.0.jar:?]
	at com.useractionsinifs.abstractComponents.AbstractComponents.userLogout(AbstractComponents.java:324) ~[classes/:?]
	at com.useractionsinifs.testComponents.BaseTest.tearDown(BaseTest.java:187) ~[test-classes/:?]
	at jdk.internal.reflect.DirectMethodHandleAccessor.invoke(DirectMethodHandleAccessor.java:103) ~[?:?]
	at java.lang.reflect.Method.invoke(Method.java:580) ~[?:?]
	at org.testng.internal.invokers.MethodInvocationHelper.invokeMethod(MethodInvocationHelper.java:141) ~[testng-7.11.0.jar:7.11.0]
	at org.testng.internal.invokers.MethodInvocationHelper.invokeMethodConsideringTimeout(MethodInvocationHelper.java:71) ~[testng-7.11.0.jar:7.11.0]
	at org.testng.internal.invokers.ConfigInvoker.invokeConfigurationMethod(ConfigInvoker.java:400) ~[testng-7.11.0.jar:7.11.0]
	at org.testng.internal.invokers.ConfigInvoker.invokeConfigurations(ConfigInvoker.java:333) ~[testng-7.11.0.jar:7.11.0]
	at org.testng.internal.invokers.TestInvoker.runConfigMethods(TestInvoker.java:836) ~[testng-7.11.0.jar:7.11.0]
	at org.testng.internal.invokers.TestInvoker.runAfterConfigurations(TestInvoker.java:805) ~[testng-7.11.0.jar:7.11.0]
	at org.testng.internal.invokers.TestInvoker.invokeMethod(TestInvoker.java:781) ~[testng-7.11.0.jar:7.11.0]
	at org.testng.internal.invokers.TestInvoker.invokeTestMethod(TestInvoker.java:230) ~[testng-7.11.0.jar:7.11.0]
	at org.testng.internal.invokers.MethodRunner.runInSequence(MethodRunner.java:63) ~[testng-7.11.0.jar:7.11.0]
	at org.testng.internal.invokers.TestInvoker$MethodInvocationAgent.invoke(TestInvoker.java:995) ~[testng-7.11.0.jar:7.11.0]
	at org.testng.internal.invokers.TestInvoker.invokeTestMethods(TestInvoker.java:203) ~[testng-7.11.0.jar:7.11.0]
	at org.testng.internal.invokers.TestMethodWorker.invokeTestMethods(TestMethodWorker.java:154) ~[testng-7.11.0.jar:7.11.0]
	at org.testng.internal.invokers.TestMethodWorker.run(TestMethodWorker.java:134) ~[testng-7.11.0.jar:7.11.0]
	at java.util.ArrayList.forEach(ArrayList.java:1596) [?:?]
	at org.testng.TestRunner.privateRun(TestRunner.java:741) [testng-7.11.0.jar:7.11.0]
	at org.testng.TestRunner.run(TestRunner.java:616) [testng-7.11.0.jar:7.11.0]
	at org.testng.SuiteRunner.runTest(SuiteRunner.java:421) [testng-7.11.0.jar:7.11.0]
	at org.testng.SuiteRunner.runSequentially(SuiteRunner.java:413) [testng-7.11.0.jar:7.11.0]
	at org.testng.SuiteRunner.privateRun(SuiteRunner.java:373) [testng-7.11.0.jar:7.11.0]
	at org.testng.SuiteRunner.run(SuiteRunner.java:312) [testng-7.11.0.jar:7.11.0]
	at org.testng.SuiteRunnerWorker.runSuite(SuiteRunnerWorker.java:52) [testng-7.11.0.jar:7.11.0]
	at org.testng.SuiteRunnerWorker.run(SuiteRunnerWorker.java:95) [testng-7.11.0.jar:7.11.0]
	at org.testng.TestNG.runSuitesSequentially(TestNG.java:1274) [testng-7.11.0.jar:7.11.0]
	at org.testng.TestNG.runSuitesLocally(TestNG.java:1208) [testng-7.11.0.jar:7.11.0]
	at org.testng.TestNG.runSuites(TestNG.java:1112) [testng-7.11.0.jar:7.11.0]
	at org.testng.TestNG.run(TestNG.java:1079) [testng-7.11.0.jar:7.11.0]
	at org.apache.maven.surefire.testng.TestNGExecutor.run(TestNGExecutor.java:308) [surefire-testng-3.1.2.jar:3.1.2]
	at org.apache.maven.surefire.testng.TestNGXmlTestSuite.execute(TestNGXmlTestSuite.java:71) [surefire-testng-3.1.2.jar:3.1.2]
	at org.apache.maven.surefire.testng.TestNGProvider.invoke(TestNGProvider.java:113) [surefire-testng-3.1.2.jar:3.1.2]
	at org.apache.maven.surefire.booter.ForkedBooter.runSuitesInProcess(ForkedBooter.java:385) [surefire-booter-3.1.2.jar:3.1.2]
	at org.apache.maven.surefire.booter.ForkedBooter.execute(ForkedBooter.java:162) [surefire-booter-3.1.2.jar:3.1.2]
	at org.apache.maven.surefire.booter.ForkedBooter.run(ForkedBooter.java:507) [surefire-booter-3.1.2.jar:3.1.2]
	at org.apache.maven.surefire.booter.ForkedBooter.main(ForkedBooter.java:495) [surefire-booter-3.1.2.jar:3.1.2]
23:02:05.194 [main] ERROR com.useractionsinifs.testComponents.BaseTest - Error during logout process: Logout failed
java.lang.RuntimeException: Logout failed
	at com.useractionsinifs.abstractComponents.AbstractComponents.userLogout(AbstractComponents.java:328) ~[classes/:?]
	at com.useractionsinifs.testComponents.BaseTest.tearDown(BaseTest.java:187) ~[test-classes/:?]
	at jdk.internal.reflect.DirectMethodHandleAccessor.invoke(DirectMethodHandleAccessor.java:103) ~[?:?]
	at java.lang.reflect.Method.invoke(Method.java:580) ~[?:?]
	at org.testng.internal.invokers.MethodInvocationHelper.invokeMethod(MethodInvocationHelper.java:141) ~[testng-7.11.0.jar:7.11.0]
	at org.testng.internal.invokers.MethodInvocationHelper.invokeMethodConsideringTimeout(MethodInvocationHelper.java:71) ~[testng-7.11.0.jar:7.11.0]
	at org.testng.internal.invokers.ConfigInvoker.invokeConfigurationMethod(ConfigInvoker.java:400) ~[testng-7.11.0.jar:7.11.0]
	at org.testng.internal.invokers.ConfigInvoker.invokeConfigurations(ConfigInvoker.java:333) ~[testng-7.11.0.jar:7.11.0]
	at org.testng.internal.invokers.TestInvoker.runConfigMethods(TestInvoker.java:836) ~[testng-7.11.0.jar:7.11.0]
	at org.testng.internal.invokers.TestInvoker.runAfterConfigurations(TestInvoker.java:805) ~[testng-7.11.0.jar:7.11.0]
	at org.testng.internal.invokers.TestInvoker.invokeMethod(TestInvoker.java:781) ~[testng-7.11.0.jar:7.11.0]
	at org.testng.internal.invokers.TestInvoker.invokeTestMethod(TestInvoker.java:230) ~[testng-7.11.0.jar:7.11.0]
	at org.testng.internal.invokers.MethodRunner.runInSequence(MethodRunner.java:63) ~[testng-7.11.0.jar:7.11.0]
	at org.testng.internal.invokers.TestInvoker$MethodInvocationAgent.invoke(TestInvoker.java:995) ~[testng-7.11.0.jar:7.11.0]
	at org.testng.internal.invokers.TestInvoker.invokeTestMethods(TestInvoker.java:203) ~[testng-7.11.0.jar:7.11.0]
	at org.testng.internal.invokers.TestMethodWorker.invokeTestMethods(TestMethodWorker.java:154) ~[testng-7.11.0.jar:7.11.0]
	at org.testng.internal.invokers.TestMethodWorker.run(TestMethodWorker.java:134) ~[testng-7.11.0.jar:7.11.0]
	at java.util.ArrayList.forEach(ArrayList.java:1596) [?:?]
	at org.testng.TestRunner.privateRun(TestRunner.java:741) [testng-7.11.0.jar:7.11.0]
	at org.testng.TestRunner.run(TestRunner.java:616) [testng-7.11.0.jar:7.11.0]
	at org.testng.SuiteRunner.runTest(SuiteRunner.java:421) [testng-7.11.0.jar:7.11.0]
	at org.testng.SuiteRunner.runSequentially(SuiteRunner.java:413) [testng-7.11.0.jar:7.11.0]
	at org.testng.SuiteRunner.privateRun(SuiteRunner.java:373) [testng-7.11.0.jar:7.11.0]
	at org.testng.SuiteRunner.run(SuiteRunner.java:312) [testng-7.11.0.jar:7.11.0]
	at org.testng.SuiteRunnerWorker.runSuite(SuiteRunnerWorker.java:52) [testng-7.11.0.jar:7.11.0]
	at org.testng.SuiteRunnerWorker.run(SuiteRunnerWorker.java:95) [testng-7.11.0.jar:7.11.0]
	at org.testng.TestNG.runSuitesSequentially(TestNG.java:1274) [testng-7.11.0.jar:7.11.0]
	at org.testng.TestNG.runSuitesLocally(TestNG.java:1208) [testng-7.11.0.jar:7.11.0]
	at org.testng.TestNG.runSuites(TestNG.java:1112) [testng-7.11.0.jar:7.11.0]
	at org.testng.TestNG.run(TestNG.java:1079) [testng-7.11.0.jar:7.11.0]
	at org.apache.maven.surefire.testng.TestNGExecutor.run(TestNGExecutor.java:308) [surefire-testng-3.1.2.jar:3.1.2]
	at org.apache.maven.surefire.testng.TestNGXmlTestSuite.execute(TestNGXmlTestSuite.java:71) [surefire-testng-3.1.2.jar:3.1.2]
	at org.apache.maven.surefire.testng.TestNGProvider.invoke(TestNGProvider.java:113) [surefire-testng-3.1.2.jar:3.1.2]
	at org.apache.maven.surefire.booter.ForkedBooter.runSuitesInProcess(ForkedBooter.java:385) [surefire-booter-3.1.2.jar:3.1.2]
	at org.apache.maven.surefire.booter.ForkedBooter.execute(ForkedBooter.java:162) [surefire-booter-3.1.2.jar:3.1.2]
	at org.apache.maven.surefire.booter.ForkedBooter.run(ForkedBooter.java:507) [surefire-booter-3.1.2.jar:3.1.2]
	at org.apache.maven.surefire.booter.ForkedBooter.main(ForkedBooter.java:495) [surefire-booter-3.1.2.jar:3.1.2]
Caused by: org.openqa.selenium.ElementNotInteractableException: element not interactable: element has zero size
  (Session info: chrome=138.0.7204.184)
Build info: version: '4.33.0', revision: '2c6aaad03a'
System info: os.name: 'Windows 11', os.arch: 'amd64', os.version: '10.0', java.version: '21.0.6'
Driver info: org.openqa.selenium.chrome.ChromeDriver
Command: [d244f1f735709196d1a7aad257fc9836, clickElement {id=f.29CB98BE8CA58251B7C995CEB9CEB80C.d.BD00D817E48BE86D2429536BE09C9792.e.59}]
Capabilities {acceptInsecureCerts: false, browserName: chrome, browserVersion: 138.0.7204.184, chrome: {chromedriverVersion: 138.0.7204.183 (e90faf484dd..., userDataDir: C:\Users\ndurthu\AppData\Lo...}, fedcm:accounts: true, goog:chromeOptions: {debuggerAddress: localhost:50548}, networkConnectionEnabled: false, pageLoadStrategy: normal, platformName: windows, proxy: Proxy(), se:cdp: ws://localhost:50548/devtoo..., se:cdpVersion: 138.0.7204.184, setWindowRect: true, strictFileInteractability: false, timeouts: {implicit: 0, pageLoad: 300000, script: 30000}, unhandledPromptBehavior: dismiss and notify, webauthn:extension:credBlob: true, webauthn:extension:largeBlob: true, webauthn:extension:minPinLength: true, webauthn:extension:prf: true, webauthn:virtualAuthenticators: true}
Element: [org.openqa.selenium.remote.RemoteWebElement@5a83019e -> unknown locator]
Session ID: d244f1f735709196d1a7aad257fc9836
	at jdk.internal.reflect.DirectConstructorHandleAccessor.newInstance(DirectConstructorHandleAccessor.java:62) ~[?:?]
	at java.lang.reflect.Constructor.newInstanceWithCaller(Constructor.java:502) ~[?:?]
	at java.lang.reflect.Constructor.newInstance(Constructor.java:486) ~[?:?]
	at org.openqa.selenium.remote.ErrorCodec.decode(ErrorCodec.java:167) ~[selenium-remote-driver-4.33.0.jar:?]
	at org.openqa.selenium.remote.codec.w3c.W3CHttpResponseCodec.decode(W3CHttpResponseCodec.java:138) ~[selenium-remote-driver-4.33.0.jar:?]
	at org.openqa.selenium.remote.codec.w3c.W3CHttpResponseCodec.decode(W3CHttpResponseCodec.java:50) ~[selenium-remote-driver-4.33.0.jar:?]
	at org.openqa.selenium.remote.HttpCommandExecutor.execute(HttpCommandExecutor.java:215) ~[selenium-remote-driver-4.33.0.jar:?]
	at org.openqa.selenium.remote.service.DriverCommandExecutor.invokeExecute(DriverCommandExecutor.java:216) ~[selenium-remote-driver-4.33.0.jar:?]
	at org.openqa.selenium.remote.service.DriverCommandExecutor.execute(DriverCommandExecutor.java:174) ~[selenium-remote-driver-4.33.0.jar:?]
	at org.openqa.selenium.remote.RemoteWebDriver.execute(RemoteWebDriver.java:544) ~[selenium-remote-driver-4.33.0.jar:?]
	at org.openqa.selenium.remote.RemoteWebElement.execute(RemoteWebElement.java:223) ~[selenium-remote-driver-4.33.0.jar:?]
	at org.openqa.selenium.remote.RemoteWebElement.click(RemoteWebElement.java:76) ~[selenium-remote-driver-4.33.0.jar:?]
	at com.useractionsinifs.abstractComponents.AbstractComponents.userLogout(AbstractComponents.java:324) ~[classes/:?]
	... 36 more
23:02:05.194 [main] INFO  com.useractionsinifs.testComponents.BaseTest - Closing WebDriver session
23:02:09.179 [main] INFO  com.useractionsinifs.testCases.LoginTests - Starting Valid Login Test
23:02:09.179 [main] INFO  com.useractionsinifs.testCases.LoginTests - Using credentials: Valid user credentials - Admin user
23:02:15.291 [main] INFO  com.useractionsinifs.testCases.LoginTests - Verifying successful login
23:02:23.293 [main] INFO  com.useractionsinifs.abstractComponents.AbstractComponents - Waiting for shadow DOM element: document.querySelector('#osp-nav-user-profile').shadowRoot.querySelector('button')
true this is for document.querySelector('#osp-nav-user-profile').shadowRoot.querySelector('button')
23:02:23.305 [main] INFO  com.useractionsinifs.abstractComponents.AbstractComponents - Shadow DOM element found: document.querySelector('#osp-nav-user-profile').shadowRoot.querySelector('button')
23:02:23.305 [main] INFO  com.useractionsinifs.testCases.LoginTests - Login test completed successfully
]]></system-out>
    <system-err><![CDATA[Aug 07, 2025 11:02:07 PM org.openqa.selenium.devtools.CdpVersionFinder findNearestMatch
WARNING: Unable to find an exact match for CDP version 138, returning the closest version; found: 137; Please update to a Selenium version that supports CDP version 138
]]></system-err>
  </testcase>
  <testcase name="validLoginTest[{description=Valid user credentials - Standard user, password=Nrth~dd4s#kola8, username=inforosqa19@infor.com}](3)" classname="com.useractionsinifs.testCases.LoginTests" time="19.263">
    <system-out><![CDATA[22:57:52.594 [main] INFO  com.useractionsinifs.testComponents.BaseTest - Executing test teardown
22:57:52.600 [main] INFO  com.useractionsinifs.testComponents.BaseTest - Switched to main document context
22:57:52.600 [main] INFO  com.useractionsinifs.testComponents.BaseTest - Exited frame contexts
22:57:52.600 [main] INFO  com.useractionsinifs.testComponents.BaseTest - Checking if user is logged in...
22:57:52.661 [main] INFO  com.useractionsinifs.testComponents.BaseTest - User is logged in. Performing logout...
22:57:52.661 [main] INFO  com.useractionsinifs.abstractComponents.AbstractComponents - Clicking logout button
22:57:52.911 [main] INFO  com.useractionsinifs.abstractComponents.AbstractComponents - Waiting for shadow DOM element: document.querySelector('#osp-nav-menu-signout')
true this is for document.querySelector('#osp-nav-menu-signout')
22:57:52.932 [main] INFO  com.useractionsinifs.abstractComponents.AbstractComponents - Shadow DOM element found: document.querySelector('#osp-nav-menu-signout')
22:57:53.011 [main] ERROR com.useractionsinifs.abstractComponents.AbstractComponents - Logout failed
org.openqa.selenium.ElementNotInteractableException: element not interactable: element has zero size
  (Session info: chrome=138.0.7204.184)
Build info: version: '4.33.0', revision: '2c6aaad03a'
System info: os.name: 'Windows 11', os.arch: 'amd64', os.version: '10.0', java.version: '21.0.6'
Driver info: org.openqa.selenium.chrome.ChromeDriver
Command: [f214f87e2616e2d6a981af0aa2b69de8, clickElement {id=f.7CE2383B8516FC6E8054B1E0FD6F3918.d.FC4946A23CBD6B584DB41A1FD8F7D087.e.28}]
Capabilities {acceptInsecureCerts: false, browserName: chrome, browserVersion: 138.0.7204.184, chrome: {chromedriverVersion: 138.0.7204.183 (e90faf484dd..., userDataDir: C:\Users\ndurthu\AppData\Lo...}, fedcm:accounts: true, goog:chromeOptions: {debuggerAddress: localhost:49751}, networkConnectionEnabled: false, pageLoadStrategy: normal, platformName: windows, proxy: Proxy(), se:cdp: ws://localhost:49751/devtoo..., se:cdpVersion: 138.0.7204.184, setWindowRect: true, strictFileInteractability: false, timeouts: {implicit: 0, pageLoad: 300000, script: 30000}, unhandledPromptBehavior: dismiss and notify, webauthn:extension:credBlob: true, webauthn:extension:largeBlob: true, webauthn:extension:minPinLength: true, webauthn:extension:prf: true, webauthn:virtualAuthenticators: true}
Element: [org.openqa.selenium.remote.RemoteWebElement@453179c7 -> unknown locator]
Session ID: f214f87e2616e2d6a981af0aa2b69de8
	at jdk.internal.reflect.DirectConstructorHandleAccessor.newInstance(DirectConstructorHandleAccessor.java:62) ~[?:?]
	at java.lang.reflect.Constructor.newInstanceWithCaller(Constructor.java:502) ~[?:?]
	at java.lang.reflect.Constructor.newInstance(Constructor.java:486) ~[?:?]
	at org.openqa.selenium.remote.ErrorCodec.decode(ErrorCodec.java:167) ~[selenium-remote-driver-4.33.0.jar:?]
	at org.openqa.selenium.remote.codec.w3c.W3CHttpResponseCodec.decode(W3CHttpResponseCodec.java:138) ~[selenium-remote-driver-4.33.0.jar:?]
	at org.openqa.selenium.remote.codec.w3c.W3CHttpResponseCodec.decode(W3CHttpResponseCodec.java:50) ~[selenium-remote-driver-4.33.0.jar:?]
	at org.openqa.selenium.remote.HttpCommandExecutor.execute(HttpCommandExecutor.java:215) ~[selenium-remote-driver-4.33.0.jar:?]
	at org.openqa.selenium.remote.service.DriverCommandExecutor.invokeExecute(DriverCommandExecutor.java:216) ~[selenium-remote-driver-4.33.0.jar:?]
	at org.openqa.selenium.remote.service.DriverCommandExecutor.execute(DriverCommandExecutor.java:174) ~[selenium-remote-driver-4.33.0.jar:?]
	at org.openqa.selenium.remote.RemoteWebDriver.execute(RemoteWebDriver.java:544) ~[selenium-remote-driver-4.33.0.jar:?]
	at org.openqa.selenium.remote.RemoteWebElement.execute(RemoteWebElement.java:223) ~[selenium-remote-driver-4.33.0.jar:?]
	at org.openqa.selenium.remote.RemoteWebElement.click(RemoteWebElement.java:76) ~[selenium-remote-driver-4.33.0.jar:?]
	at com.useractionsinifs.abstractComponents.AbstractComponents.userLogout(AbstractComponents.java:324) ~[classes/:?]
	at com.useractionsinifs.testComponents.BaseTest.tearDown(BaseTest.java:187) ~[test-classes/:?]
	at jdk.internal.reflect.DirectMethodHandleAccessor.invoke(DirectMethodHandleAccessor.java:103) ~[?:?]
	at java.lang.reflect.Method.invoke(Method.java:580) ~[?:?]
	at org.testng.internal.invokers.MethodInvocationHelper.invokeMethod(MethodInvocationHelper.java:141) ~[testng-7.11.0.jar:7.11.0]
	at org.testng.internal.invokers.MethodInvocationHelper.invokeMethodConsideringTimeout(MethodInvocationHelper.java:71) ~[testng-7.11.0.jar:7.11.0]
	at org.testng.internal.invokers.ConfigInvoker.invokeConfigurationMethod(ConfigInvoker.java:400) ~[testng-7.11.0.jar:7.11.0]
	at org.testng.internal.invokers.ConfigInvoker.invokeConfigurations(ConfigInvoker.java:333) ~[testng-7.11.0.jar:7.11.0]
	at org.testng.internal.invokers.TestInvoker.runConfigMethods(TestInvoker.java:836) ~[testng-7.11.0.jar:7.11.0]
	at org.testng.internal.invokers.TestInvoker.runAfterConfigurations(TestInvoker.java:805) ~[testng-7.11.0.jar:7.11.0]
	at org.testng.internal.invokers.TestInvoker.invokeMethod(TestInvoker.java:781) ~[testng-7.11.0.jar:7.11.0]
	at org.testng.internal.invokers.TestInvoker.invokeTestMethod(TestInvoker.java:230) ~[testng-7.11.0.jar:7.11.0]
	at org.testng.internal.invokers.MethodRunner.runInSequence(MethodRunner.java:63) ~[testng-7.11.0.jar:7.11.0]
	at org.testng.internal.invokers.TestInvoker$MethodInvocationAgent.invoke(TestInvoker.java:995) ~[testng-7.11.0.jar:7.11.0]
	at org.testng.internal.invokers.TestInvoker.invokeTestMethods(TestInvoker.java:203) ~[testng-7.11.0.jar:7.11.0]
	at org.testng.internal.invokers.TestMethodWorker.invokeTestMethods(TestMethodWorker.java:154) ~[testng-7.11.0.jar:7.11.0]
	at org.testng.internal.invokers.TestMethodWorker.run(TestMethodWorker.java:134) ~[testng-7.11.0.jar:7.11.0]
	at java.util.ArrayList.forEach(ArrayList.java:1596) [?:?]
	at org.testng.TestRunner.privateRun(TestRunner.java:741) [testng-7.11.0.jar:7.11.0]
	at org.testng.TestRunner.run(TestRunner.java:616) [testng-7.11.0.jar:7.11.0]
	at org.testng.SuiteRunner.runTest(SuiteRunner.java:421) [testng-7.11.0.jar:7.11.0]
	at org.testng.SuiteRunner.runSequentially(SuiteRunner.java:413) [testng-7.11.0.jar:7.11.0]
	at org.testng.SuiteRunner.privateRun(SuiteRunner.java:373) [testng-7.11.0.jar:7.11.0]
	at org.testng.SuiteRunner.run(SuiteRunner.java:312) [testng-7.11.0.jar:7.11.0]
	at org.testng.SuiteRunnerWorker.runSuite(SuiteRunnerWorker.java:52) [testng-7.11.0.jar:7.11.0]
	at org.testng.SuiteRunnerWorker.run(SuiteRunnerWorker.java:95) [testng-7.11.0.jar:7.11.0]
	at org.testng.TestNG.runSuitesSequentially(TestNG.java:1274) [testng-7.11.0.jar:7.11.0]
	at org.testng.TestNG.runSuitesLocally(TestNG.java:1208) [testng-7.11.0.jar:7.11.0]
	at org.testng.TestNG.runSuites(TestNG.java:1112) [testng-7.11.0.jar:7.11.0]
	at org.testng.TestNG.run(TestNG.java:1079) [testng-7.11.0.jar:7.11.0]
	at org.apache.maven.surefire.testng.TestNGExecutor.run(TestNGExecutor.java:308) [surefire-testng-3.1.2.jar:3.1.2]
	at org.apache.maven.surefire.testng.TestNGXmlTestSuite.execute(TestNGXmlTestSuite.java:71) [surefire-testng-3.1.2.jar:3.1.2]
	at org.apache.maven.surefire.testng.TestNGProvider.invoke(TestNGProvider.java:113) [surefire-testng-3.1.2.jar:3.1.2]
	at org.apache.maven.surefire.booter.ForkedBooter.runSuitesInProcess(ForkedBooter.java:385) [surefire-booter-3.1.2.jar:3.1.2]
	at org.apache.maven.surefire.booter.ForkedBooter.execute(ForkedBooter.java:162) [surefire-booter-3.1.2.jar:3.1.2]
	at org.apache.maven.surefire.booter.ForkedBooter.run(ForkedBooter.java:507) [surefire-booter-3.1.2.jar:3.1.2]
	at org.apache.maven.surefire.booter.ForkedBooter.main(ForkedBooter.java:495) [surefire-booter-3.1.2.jar:3.1.2]
22:57:53.013 [main] ERROR com.useractionsinifs.testComponents.BaseTest - Error during logout process: Logout failed
java.lang.RuntimeException: Logout failed
	at com.useractionsinifs.abstractComponents.AbstractComponents.userLogout(AbstractComponents.java:328) ~[classes/:?]
	at com.useractionsinifs.testComponents.BaseTest.tearDown(BaseTest.java:187) ~[test-classes/:?]
	at jdk.internal.reflect.DirectMethodHandleAccessor.invoke(DirectMethodHandleAccessor.java:103) ~[?:?]
	at java.lang.reflect.Method.invoke(Method.java:580) ~[?:?]
	at org.testng.internal.invokers.MethodInvocationHelper.invokeMethod(MethodInvocationHelper.java:141) ~[testng-7.11.0.jar:7.11.0]
	at org.testng.internal.invokers.MethodInvocationHelper.invokeMethodConsideringTimeout(MethodInvocationHelper.java:71) ~[testng-7.11.0.jar:7.11.0]
	at org.testng.internal.invokers.ConfigInvoker.invokeConfigurationMethod(ConfigInvoker.java:400) ~[testng-7.11.0.jar:7.11.0]
	at org.testng.internal.invokers.ConfigInvoker.invokeConfigurations(ConfigInvoker.java:333) ~[testng-7.11.0.jar:7.11.0]
	at org.testng.internal.invokers.TestInvoker.runConfigMethods(TestInvoker.java:836) ~[testng-7.11.0.jar:7.11.0]
	at org.testng.internal.invokers.TestInvoker.runAfterConfigurations(TestInvoker.java:805) ~[testng-7.11.0.jar:7.11.0]
	at org.testng.internal.invokers.TestInvoker.invokeMethod(TestInvoker.java:781) ~[testng-7.11.0.jar:7.11.0]
	at org.testng.internal.invokers.TestInvoker.invokeTestMethod(TestInvoker.java:230) ~[testng-7.11.0.jar:7.11.0]
	at org.testng.internal.invokers.MethodRunner.runInSequence(MethodRunner.java:63) ~[testng-7.11.0.jar:7.11.0]
	at org.testng.internal.invokers.TestInvoker$MethodInvocationAgent.invoke(TestInvoker.java:995) ~[testng-7.11.0.jar:7.11.0]
	at org.testng.internal.invokers.TestInvoker.invokeTestMethods(TestInvoker.java:203) ~[testng-7.11.0.jar:7.11.0]
	at org.testng.internal.invokers.TestMethodWorker.invokeTestMethods(TestMethodWorker.java:154) ~[testng-7.11.0.jar:7.11.0]
	at org.testng.internal.invokers.TestMethodWorker.run(TestMethodWorker.java:134) ~[testng-7.11.0.jar:7.11.0]
	at java.util.ArrayList.forEach(ArrayList.java:1596) [?:?]
	at org.testng.TestRunner.privateRun(TestRunner.java:741) [testng-7.11.0.jar:7.11.0]
	at org.testng.TestRunner.run(TestRunner.java:616) [testng-7.11.0.jar:7.11.0]
	at org.testng.SuiteRunner.runTest(SuiteRunner.java:421) [testng-7.11.0.jar:7.11.0]
	at org.testng.SuiteRunner.runSequentially(SuiteRunner.java:413) [testng-7.11.0.jar:7.11.0]
	at org.testng.SuiteRunner.privateRun(SuiteRunner.java:373) [testng-7.11.0.jar:7.11.0]
	at org.testng.SuiteRunner.run(SuiteRunner.java:312) [testng-7.11.0.jar:7.11.0]
	at org.testng.SuiteRunnerWorker.runSuite(SuiteRunnerWorker.java:52) [testng-7.11.0.jar:7.11.0]
	at org.testng.SuiteRunnerWorker.run(SuiteRunnerWorker.java:95) [testng-7.11.0.jar:7.11.0]
	at org.testng.TestNG.runSuitesSequentially(TestNG.java:1274) [testng-7.11.0.jar:7.11.0]
	at org.testng.TestNG.runSuitesLocally(TestNG.java:1208) [testng-7.11.0.jar:7.11.0]
	at org.testng.TestNG.runSuites(TestNG.java:1112) [testng-7.11.0.jar:7.11.0]
	at org.testng.TestNG.run(TestNG.java:1079) [testng-7.11.0.jar:7.11.0]
	at org.apache.maven.surefire.testng.TestNGExecutor.run(TestNGExecutor.java:308) [surefire-testng-3.1.2.jar:3.1.2]
	at org.apache.maven.surefire.testng.TestNGXmlTestSuite.execute(TestNGXmlTestSuite.java:71) [surefire-testng-3.1.2.jar:3.1.2]
	at org.apache.maven.surefire.testng.TestNGProvider.invoke(TestNGProvider.java:113) [surefire-testng-3.1.2.jar:3.1.2]
	at org.apache.maven.surefire.booter.ForkedBooter.runSuitesInProcess(ForkedBooter.java:385) [surefire-booter-3.1.2.jar:3.1.2]
	at org.apache.maven.surefire.booter.ForkedBooter.execute(ForkedBooter.java:162) [surefire-booter-3.1.2.jar:3.1.2]
	at org.apache.maven.surefire.booter.ForkedBooter.run(ForkedBooter.java:507) [surefire-booter-3.1.2.jar:3.1.2]
	at org.apache.maven.surefire.booter.ForkedBooter.main(ForkedBooter.java:495) [surefire-booter-3.1.2.jar:3.1.2]
Caused by: org.openqa.selenium.ElementNotInteractableException: element not interactable: element has zero size
  (Session info: chrome=138.0.7204.184)
Build info: version: '4.33.0', revision: '2c6aaad03a'
System info: os.name: 'Windows 11', os.arch: 'amd64', os.version: '10.0', java.version: '21.0.6'
Driver info: org.openqa.selenium.chrome.ChromeDriver
Command: [f214f87e2616e2d6a981af0aa2b69de8, clickElement {id=f.7CE2383B8516FC6E8054B1E0FD6F3918.d.FC4946A23CBD6B584DB41A1FD8F7D087.e.28}]
Capabilities {acceptInsecureCerts: false, browserName: chrome, browserVersion: 138.0.7204.184, chrome: {chromedriverVersion: 138.0.7204.183 (e90faf484dd..., userDataDir: C:\Users\ndurthu\AppData\Lo...}, fedcm:accounts: true, goog:chromeOptions: {debuggerAddress: localhost:49751}, networkConnectionEnabled: false, pageLoadStrategy: normal, platformName: windows, proxy: Proxy(), se:cdp: ws://localhost:49751/devtoo..., se:cdpVersion: 138.0.7204.184, setWindowRect: true, strictFileInteractability: false, timeouts: {implicit: 0, pageLoad: 300000, script: 30000}, unhandledPromptBehavior: dismiss and notify, webauthn:extension:credBlob: true, webauthn:extension:largeBlob: true, webauthn:extension:minPinLength: true, webauthn:extension:prf: true, webauthn:virtualAuthenticators: true}
Element: [org.openqa.selenium.remote.RemoteWebElement@453179c7 -> unknown locator]
Session ID: f214f87e2616e2d6a981af0aa2b69de8
	at jdk.internal.reflect.DirectConstructorHandleAccessor.newInstance(DirectConstructorHandleAccessor.java:62) ~[?:?]
	at java.lang.reflect.Constructor.newInstanceWithCaller(Constructor.java:502) ~[?:?]
	at java.lang.reflect.Constructor.newInstance(Constructor.java:486) ~[?:?]
	at org.openqa.selenium.remote.ErrorCodec.decode(ErrorCodec.java:167) ~[selenium-remote-driver-4.33.0.jar:?]
	at org.openqa.selenium.remote.codec.w3c.W3CHttpResponseCodec.decode(W3CHttpResponseCodec.java:138) ~[selenium-remote-driver-4.33.0.jar:?]
	at org.openqa.selenium.remote.codec.w3c.W3CHttpResponseCodec.decode(W3CHttpResponseCodec.java:50) ~[selenium-remote-driver-4.33.0.jar:?]
	at org.openqa.selenium.remote.HttpCommandExecutor.execute(HttpCommandExecutor.java:215) ~[selenium-remote-driver-4.33.0.jar:?]
	at org.openqa.selenium.remote.service.DriverCommandExecutor.invokeExecute(DriverCommandExecutor.java:216) ~[selenium-remote-driver-4.33.0.jar:?]
	at org.openqa.selenium.remote.service.DriverCommandExecutor.execute(DriverCommandExecutor.java:174) ~[selenium-remote-driver-4.33.0.jar:?]
	at org.openqa.selenium.remote.RemoteWebDriver.execute(RemoteWebDriver.java:544) ~[selenium-remote-driver-4.33.0.jar:?]
	at org.openqa.selenium.remote.RemoteWebElement.execute(RemoteWebElement.java:223) ~[selenium-remote-driver-4.33.0.jar:?]
	at org.openqa.selenium.remote.RemoteWebElement.click(RemoteWebElement.java:76) ~[selenium-remote-driver-4.33.0.jar:?]
	at com.useractionsinifs.abstractComponents.AbstractComponents.userLogout(AbstractComponents.java:324) ~[classes/:?]
	... 36 more
22:57:53.015 [main] INFO  com.useractionsinifs.testComponents.BaseTest - Closing WebDriver session
22:57:57.155 [main] INFO  com.useractionsinifs.testCases.LoginTests - Starting Valid Login Test
22:57:57.155 [main] INFO  com.useractionsinifs.testCases.LoginTests - Using credentials: Valid user credentials - Standard user
22:58:01.266 [main] INFO  com.useractionsinifs.testCases.LoginTests - Verifying successful login
22:58:09.280 [main] INFO  com.useractionsinifs.abstractComponents.AbstractComponents - Waiting for shadow DOM element: document.querySelector('#osp-nav-user-profile').shadowRoot.querySelector('button')
true this is for document.querySelector('#osp-nav-user-profile').shadowRoot.querySelector('button')
22:58:16.410 [main] INFO  com.useractionsinifs.abstractComponents.AbstractComponents - Shadow DOM element found: document.querySelector('#osp-nav-user-profile').shadowRoot.querySelector('button')
22:58:16.410 [main] INFO  com.useractionsinifs.testCases.LoginTests - Login test completed successfully
]]></system-out>
    <system-err><![CDATA[Aug 07, 2025 10:57:54 PM org.openqa.selenium.devtools.CdpVersionFinder findNearestMatch
WARNING: Unable to find an exact match for CDP version 138, returning the closest version; found: 137; Please update to a Selenium version that supports CDP version 138
]]></system-err>
  </testcase>
  <testcase name="validLoginTest[{description=Valid user credentials - Standard user, password=Nrth~dd4s#kola8, username=inforosqa19@infor.com}](3)" classname="com.useractionsinifs.testCases.LoginTests" time="14.185">
    <system-out><![CDATA[22:59:09.260 [main] INFO  com.useractionsinifs.testComponents.BaseTest - Executing test teardown
22:59:09.269 [main] INFO  com.useractionsinifs.testComponents.BaseTest - Switched to main document context
22:59:09.269 [main] INFO  com.useractionsinifs.testComponents.BaseTest - Exited frame contexts
22:59:09.269 [main] INFO  com.useractionsinifs.testComponents.BaseTest - Checking if user is logged in...
22:59:09.317 [main] INFO  com.useractionsinifs.testComponents.BaseTest - User is logged in. Performing logout...
22:59:09.317 [main] INFO  com.useractionsinifs.abstractComponents.AbstractComponents - Clicking logout button
22:59:09.468 [main] INFO  com.useractionsinifs.abstractComponents.AbstractComponents - Waiting for shadow DOM element: document.querySelector('#osp-nav-menu-signout')
true this is for document.querySelector('#osp-nav-menu-signout')
22:59:09.480 [main] INFO  com.useractionsinifs.abstractComponents.AbstractComponents - Shadow DOM element found: document.querySelector('#osp-nav-menu-signout')
22:59:09.640 [main] INFO  com.useractionsinifs.abstractComponents.AbstractComponents - Logout successful
22:59:20.449 [main] INFO  com.useractionsinifs.testComponents.BaseTest - Logout successful
22:59:20.449 [main] INFO  com.useractionsinifs.testComponents.BaseTest - Exiting frame contexts...
22:59:20.449 [main] INFO  com.useractionsinifs.testComponents.BaseTest - Closing WebDriver session
22:59:24.996 [main] INFO  com.useractionsinifs.testCases.LoginTests - Starting Valid Login Test
22:59:24.996 [main] INFO  com.useractionsinifs.testCases.LoginTests - Using credentials: Valid user credentials - Standard user
22:59:31.150 [main] INFO  com.useractionsinifs.testCases.LoginTests - Verifying successful login
22:59:39.156 [main] INFO  com.useractionsinifs.abstractComponents.AbstractComponents - Waiting for shadow DOM element: document.querySelector('#osp-nav-user-profile').shadowRoot.querySelector('button')
true this is for document.querySelector('#osp-nav-user-profile').shadowRoot.querySelector('button')
22:59:39.173 [main] INFO  com.useractionsinifs.abstractComponents.AbstractComponents - Shadow DOM element found: document.querySelector('#osp-nav-user-profile').shadowRoot.querySelector('button')
22:59:39.173 [main] INFO  com.useractionsinifs.testCases.LoginTests - Login test completed successfully
]]></system-out>
    <system-err><![CDATA[Aug 07, 2025 10:59:22 PM org.openqa.selenium.devtools.CdpVersionFinder findNearestMatch
WARNING: Unable to find an exact match for CDP version 138, returning the closest version; found: 137; Please update to a Selenium version that supports CDP version 138
]]></system-err>
  </testcase>
  <testcase name="validLoginTest[{description=Valid user credentials - Standard user, password=Nrth~dd4s#kola8, username=inforosqa19@infor.com}](3)" classname="com.useractionsinifs.testCases.LoginTests" time="18.194">
    <system-out><![CDATA[23:02:23.306 [main] INFO  com.useractionsinifs.testComponents.BaseTest - Executing test teardown
23:02:23.309 [main] INFO  com.useractionsinifs.testComponents.BaseTest - Switched to main document context
23:02:23.310 [main] INFO  com.useractionsinifs.testComponents.BaseTest - Exited frame contexts
23:02:23.310 [main] INFO  com.useractionsinifs.testComponents.BaseTest - Checking if user is logged in...
23:02:23.341 [main] INFO  com.useractionsinifs.testComponents.BaseTest - User is logged in. Performing logout...
23:02:23.341 [main] INFO  com.useractionsinifs.abstractComponents.AbstractComponents - Clicking logout button
23:02:23.462 [main] INFO  com.useractionsinifs.abstractComponents.AbstractComponents - Waiting for shadow DOM element: document.querySelector('#osp-nav-menu-signout')
true this is for document.querySelector('#osp-nav-menu-signout')
23:02:23.475 [main] INFO  com.useractionsinifs.abstractComponents.AbstractComponents - Shadow DOM element found: document.querySelector('#osp-nav-menu-signout')
23:02:23.618 [main] INFO  com.useractionsinifs.abstractComponents.AbstractComponents - Logout successful
23:02:34.516 [main] INFO  com.useractionsinifs.testComponents.BaseTest - Logout successful
23:02:34.516 [main] INFO  com.useractionsinifs.testComponents.BaseTest - Exiting frame contexts...
23:02:34.516 [main] INFO  com.useractionsinifs.testComponents.BaseTest - Closing WebDriver session
23:02:38.098 [main] INFO  com.useractionsinifs.testCases.LoginTests - Starting Valid Login Test
23:02:38.098 [main] INFO  com.useractionsinifs.testCases.LoginTests - Using credentials: Valid user credentials - Standard user
23:02:42.382 [main] INFO  com.useractionsinifs.testCases.LoginTests - Verifying successful login
23:02:50.395 [main] INFO  com.useractionsinifs.abstractComponents.AbstractComponents - Waiting for shadow DOM element: document.querySelector('#osp-nav-user-profile').shadowRoot.querySelector('button')
true this is for document.querySelector('#osp-nav-user-profile').shadowRoot.querySelector('button')
23:02:56.291 [main] INFO  com.useractionsinifs.abstractComponents.AbstractComponents - Shadow DOM element found: document.querySelector('#osp-nav-user-profile').shadowRoot.querySelector('button')
23:02:56.291 [main] INFO  com.useractionsinifs.testCases.LoginTests - Login test completed successfully
]]></system-out>
    <system-err><![CDATA[Aug 07, 2025 11:02:36 PM org.openqa.selenium.devtools.CdpVersionFinder findNearestMatch
WARNING: Unable to find an exact match for CDP version 138, returning the closest version; found: 137; Please update to a Selenium version that supports CDP version 138
]]></system-err>
  </testcase>
  <testcase name="createUserTest[{description=Valid user credentials - My user, password=Nrth~dd4s#kola8, username=shashank.durthu@infor.com}](1)" classname="com.useractionsinifs.testCases.UserCreationTest" time="23.285">
[...]
	at org.apache.maven.surefire.booter.ForkedBooter.run(ForkedBooter.java:507)
	at org.apache.maven.surefire.booter.ForkedBooter.main(ForkedBooter.java:495)
]]></failure>
    <system-out><![CDATA[23:00:48.417 [main] INFO  com.useractionsinifs.testComponents.BaseTest - Executing test teardown
23:00:48.424 [main] INFO  com.useractionsinifs.testComponents.BaseTest - Switched to main document context
23:00:48.424 [main] INFO  com.useractionsinifs.abstractComponents.AbstractComponents - Switching back to main document
23:00:48.432 [main] INFO  com.useractionsinifs.abstractComponents.AbstractComponents - Exited frame context: __FIRST_AVAILABLE_IFRAME__
23:00:48.432 [main] INFO  com.useractionsinifs.testComponents.BaseTest - Exited frame contexts
23:00:48.432 [main] INFO  com.useractionsinifs.testComponents.BaseTest - Checking if user is logged in...
23:00:48.470 [main] INFO  com.useractionsinifs.testComponents.BaseTest - User is logged in. Performing logout...
23:00:48.473 [main] INFO  com.useractionsinifs.abstractComponents.AbstractComponents - Clicking logout button
23:00:48.961 [main] INFO  com.useractionsinifs.abstractComponents.AbstractComponents - Waiting for shadow DOM element: document.querySelector('#osp-nav-menu-signout')
true this is for document.querySelector('#osp-nav-menu-signout')
23:00:48.974 [main] INFO  com.useractionsinifs.abstractComponents.AbstractComponents - Shadow DOM element found: document.querySelector('#osp-nav-menu-signout')
23:00:49.211 [main] INFO  com.useractionsinifs.abstractComponents.AbstractComponents - Logout successful
23:01:01.179 [main] INFO  com.useractionsinifs.testComponents.BaseTest - Logout successful
23:01:01.179 [main] INFO  com.useractionsinifs.testComponents.BaseTest - Exiting frame contexts...
23:01:01.179 [main] INFO  com.useractionsinifs.testComponents.BaseTest - Closing WebDriver session
23:01:05.594 [main] INFO  com.useractionsinifs.testCases.UserDeletionTest - Starting User Deletion Test
23:01:16.837 [main] INFO  com.useractionsinifs.abstractComponents.AbstractComponents - Waiting for shadow DOM element: document.querySelector('#osp-nav-user-profile').shadowRoot.querySelector('button')
true this is for document.querySelector('#osp-nav-user-profile').shadowRoot.querySelector('button')
23:01:16.854 [main] INFO  com.useractionsinifs.abstractComponents.AbstractComponents - Shadow DOM element found: document.querySelector('#osp-nav-user-profile').shadowRoot.querySelector('button')
23:01:17.471 [main] INFO  com.useractionsinifs.abstractComponents.AbstractComponents - Waiting for shadow DOM element: document.querySelector("portal-app-launcher-item[class='ng-star-inserted']")
true this is for document.querySelector("portal-app-launcher-item[class='ng-star-inserted']")
23:01:17.487 [main] INFO  com.useractionsinifs.abstractComponents.AbstractComponents - Shadow DOM element found: document.querySelector("portal-app-launcher-item[class='ng-star-inserted']")
23:01:17.696 [main] INFO  com.useractionsinifs.abstractComponents.AbstractComponents - Waiting for shadow DOM element: document.querySelector('#infor-coleman-da-panel > ids-icon')
true this is for document.querySelector('#infor-coleman-da-panel > ids-icon')
23:01:17.715 [main] INFO  com.useractionsinifs.abstractComponents.AbstractComponents - Shadow DOM element found: document.querySelector('#infor-coleman-da-panel > ids-icon')
23:01:17.721 [main] INFO  com.useractionsinifs.abstractComponents.Security_AbstractComponents - Security_AbstractComponents initialized
23:01:24.088 [main] INFO  com.useractionsinifs.abstractComponents.AbstractComponents - Switched to first available iframe
]]></system-out>
    <system-err><![CDATA[Aug 07, 2025 11:01:03 PM org.openqa.selenium.devtools.CdpVersionFinder findNearestMatch
WARNING: Unable to find an exact match for CDP version 138, returning the closest version; found: 137; Please update to a Selenium version that supports CDP version 138
]]></system-err>
  </testcase>
  <testcase name="deleteUserTest[{description=Valid user credentials - My user, password=Nrth~dd4s#kola8, username=shashank.durthu@infor.com}](1)" classname="com.useractionsinifs.testCases.UserDeletionTest" time="23.205">
    <failure message="Keys to send should be a not null CharSequence" type="java.lang.IllegalArgumentException"><![CDATA[java.lang.IllegalArgumentException: Keys to send should be a not null CharSequence
	at org.openqa.selenium.remote.RemoteWebElement.sendKeys(RemoteWebElement.java:96)
	at java.base/jdk.internal.reflect.DirectMethodHandleAccessor.invoke(DirectMethodHandleAccessor.java:103)
	at java.base/java.lang.reflect.Method.invoke(Method.java:580)
	at org.openqa.selenium.support.pagefactory.internal.LocatingElementHandler.invoke(LocatingElementHandler.java:51)
	at jdk.proxy2/jdk.proxy2.$Proxy29.sendKeys(Unknown Source)
	at com.useractionsinifs.pageObjects.SecurityPage_Users.deleteUser(SecurityPage_Users.java:193)
	at com.useractionsinifs.testCases.UserDeletionTest.deleteUserTest(UserDeletionTest.java:62)
	at java.base/jdk.internal.reflect.DirectMethodHandleAccessor.invoke(DirectMethodHandleAccessor.java:103)
	at java.base/java.lang.reflect.Method.invoke(Method.java:580)
	at org.testng.internal.invokers.MethodInvocationHelper.invokeMethod(MethodInvocationHelper.java:141)
	at org.testng.internal.invokers.TestInvoker.invokeMethod(TestInvoker.java:687)
	at org.testng.internal.invokers.TestInvoker.invokeTestMethod(TestInvoker.java:230)
	at org.testng.internal.invokers.MethodRunner.runInSequence(MethodRunner.java:63)
	at org.testng.internal.invokers.TestInvoker$MethodInvocationAgent.invoke(TestInvoker.java:995)
	at org.testng.internal.invokers.TestInvoker.invokeTestMethods(TestInvoker.java:203)
	at org.testng.internal.invokers.TestMethodWorker.invokeTestMethods(TestMethodWorker.java:154)
	at org.testng.internal.invokers.TestMethodWorker.run(TestMethodWorker.java:134)
	at java.base/java.util.ArrayList.forEach(ArrayList.java:1596)
	at org.testng.TestRunner.privateRun(TestRunner.java:741)
	at org.testng.TestRunner.run(TestRunner.java:616)
	at org.testng.SuiteRunner.runTest(SuiteRunner.java:421)
	at org.testng.SuiteRunner.runSequentially(SuiteRunner.java:413)
	at org.testng.SuiteRunner.privateRun(SuiteRunner.java:373)
	at org.testng.SuiteRunner.run(SuiteRunner.java:312)
	at org.testng.SuiteRunnerWorker.runSuite(SuiteRunnerWorker.java:52)
	at org.testng.SuiteRunnerWorker.run(SuiteRunnerWorker.java:95)
	at org.testng.TestNG.runSuitesSequentially(TestNG.java:1274)
	at org.testng.TestNG.runSuitesLocally(TestNG.java:1208)
	at org.testng.TestNG.runSuites(TestNG.java:1112)
	at org.testng.TestNG.run(TestNG.java:1079)
	at org.apache.maven.surefire.testng.TestNGExecutor.run(TestNGExecutor.java:308)
	at org.apache.maven.surefire.testng.TestNGXmlTestSuite.execute(TestNGXmlTestSuite.java:71)
	at org.apache.maven.surefire.testng.TestNGProvider.invoke(TestNGProvider.java:113)
	at org.apache.maven.surefire.booter.ForkedBooter.runSuitesInProcess(ForkedBooter.java:385)
	at org.apache.maven.surefire.booter.ForkedBooter.execute(ForkedBooter.java:162)
	at org.apache.maven.surefire.booter.ForkedBooter.run(ForkedBooter.java:507)
	at org.apache.maven.surefire.booter.ForkedBooter.main(ForkedBooter.java:495)
]]></failure>
    <system-out><![CDATA[23:03:11.996 [main] INFO  com.useractionsinifs.testComponents.BaseTest - Executing test teardown
23:03:12.005 [main] INFO  com.useractionsinifs.testComponents.BaseTest - Switched to main document context
23:03:12.005 [main] INFO  com.useractionsinifs.testComponents.BaseTest - Exited frame contexts
23:03:12.005 [main] INFO  com.useractionsinifs.testComponents.BaseTest - Checking if user is logged in...
23:03:12.042 [main] INFO  com.useractionsinifs.testComponents.BaseTest - User is logged in. Performing logout...
23:03:12.043 [main] INFO  com.useractionsinifs.abstractComponents.AbstractComponents - Clicking logout button
23:03:12.626 [main] INFO  com.useractionsinifs.abstractComponents.AbstractComponents - Waiting for shadow DOM element: document.querySelector('#osp-nav-menu-signout')
true this is for document.querySelector('#osp-nav-menu-signout')
23:03:12.645 [main] INFO  com.useractionsinifs.abstractComponents.AbstractComponents - Shadow DOM element found: document.querySelector('#osp-nav-menu-signout')
23:03:12.873 [main] INFO  com.useractionsinifs.abstractComponents.AbstractComponents - Logout successful
23:03:19.501 [main] ERROR com.useractionsinifs.testComponents.BaseTest - Error during logout process: stale element reference: stale element not found
  (Session info: chrome=138.0.7204.184)
For documentation on this error, please visit: https://www.selenium.dev/documentation/webdriver/troubleshooting/errors#stale-element-reference-exception
Build info: version: '4.33.0', revision: '2c6aaad03a'
System info: os.name: 'Windows 11', os.arch: 'amd64', os.version: '10.0', java.version: '21.0.6'
Driver info: org.openqa.selenium.chrome.ChromeDriver
Command: [34c2561969d7d63a7f6d82e0332f4eb6, isElementDisplayed {id=f.979B850830F430DCFD34760C29C2232F.d.C0D7C98ACDBCE62C5D51C950FEAAD06A.e.106}]
Capabilities {acceptInsecureCerts: false, browserName: chrome, browserVersion: 138.0.7204.184, chrome: {chromedriverVersion: 138.0.7204.183 (e90faf484dd..., userDataDir: C:\Users\ndurthu\AppData\Lo...}, fedcm:accounts: true, goog:chromeOptions: {debuggerAddress: localhost:50818}, networkConnectionEnabled: false, pageLoadStrategy: normal, platformName: windows, proxy: Proxy(), se:cdp: ws://localhost:50818/devtoo..., se:cdpVersion: 138.0.7204.184, setWindowRect: true, strictFileInteractability: false, timeouts: {implicit: 0, pageLoad: 300000, script: 30000}, unhandledPromptBehavior: dismiss and notify, webauthn:extension:credBlob: true, webauthn:extension:largeBlob: true, webauthn:extension:minPinLength: true, webauthn:extension:prf: true, webauthn:virtualAuthenticators: true}
Element: [[ChromeDriver: chrome on windows (34c2561969d7d63a7f6d82e0332f4eb6)] -> css selector: div.title]
Session ID: 34c2561969d7d63a7f6d82e0332f4eb6
org.openqa.selenium.StaleElementReferenceException: stale element reference: stale element not found
  (Session info: chrome=138.0.7204.184)
For documentation on this error, please visit: https://www.selenium.dev/documentation/webdriver/troubleshooting/errors#stale-element-reference-exception
Build info: version: '4.33.0', revision: '2c6aaad03a'
System info: os.name: 'Windows 11', os.arch: 'amd64', os.version: '10.0', java.version: '21.0.6'
Driver info: org.openqa.selenium.chrome.ChromeDriver
Command: [34c2561969d7d63a7f6d82e0332f4eb6, isElementDisplayed {id=f.979B850830F430DCFD34760C29C2232F.d.C0D7C98ACDBCE62C5D51C950FEAAD06A.e.106}]
Capabilities {acceptInsecureCerts: false, browserName: chrome, browserVersion: 138.0.7204.184, chrome: {chromedriverVersion: 138.0.7204.183 (e90faf484dd..., userDataDir: C:\Users\ndurthu\AppData\Lo...}, fedcm:accounts: true, goog:chromeOptions: {debuggerAddress: localhost:50818}, networkConnectionEnabled: false, pageLoadStrategy: normal, platformName: windows, proxy: Proxy(), se:cdp: ws://localhost:50818/devtoo..., se:cdpVersion: 138.0.7204.184, setWindowRect: true, strictFileInteractability: false, timeouts: {implicit: 0, pageLoad: 300000, script: 30000}, unhandledPromptBehavior: dismiss and notify, webauthn:extension:credBlob: true, webauthn:extension:largeBlob: true, webauthn:extension:minPinLength: true, webauthn:extension:prf: true, webauthn:virtualAuthenticators: true}
Element: [[ChromeDriver: chrome on windows (34c2561969d7d63a7f6d82e0332f4eb6)] -> css selector: div.title]
Session ID: 34c2561969d7d63a7f6d82e0332f4eb6
	at jdk.internal.reflect.DirectConstructorHandleAccessor.newInstance(DirectConstructorHandleAccessor.java:62) ~[?:?]
	at java.lang.reflect.Constructor.newInstanceWithCaller(Constructor.java:502) ~[?:?]
	at java.lang.reflect.Constructor.newInstance(Constructor.java:486) ~[?:?]
	at org.openqa.selenium.remote.ErrorCodec.decode(ErrorCodec.java:167) ~[selenium-remote-driver-4.33.0.jar:?]
	at org.openqa.selenium.remote.codec.w3c.W3CHttpResponseCodec.decode(W3CHttpResponseCodec.java:138) ~[selenium-remote-driver-4.33.0.jar:?]
	at org.openqa.selenium.remote.codec.w3c.W3CHttpResponseCodec.decode(W3CHttpResponseCodec.java:50) ~[selenium-remote-driver-4.33.0.jar:?]
	at org.openqa.selenium.remote.HttpCommandExecutor.execute(HttpCommandExecutor.java:215) ~[selenium-remote-driver-4.33.0.jar:?]
	at org.openqa.selenium.remote.service.DriverCommandExecutor.invokeExecute(DriverCommandExecutor.java:216) ~[selenium-remote-driver-4.33.0.jar:?]
	at org.openqa.selenium.remote.service.DriverCommandExecutor.execute(DriverCommandExecutor.java:174) ~[selenium-remote-driver-4.33.0.jar:?]
	at org.openqa.selenium.remote.RemoteWebDriver.execute(RemoteWebDriver.java:544) ~[selenium-remote-driver-4.33.0.jar:?]
	at org.openqa.selenium.remote.RemoteWebElement.execute(RemoteWebElement.java:223) ~[selenium-remote-driver-4.33.0.jar:?]
	at org.openqa.selenium.remote.RemoteWebElement.isDisplayed(RemoteWebElement.java:282) ~[selenium-remote-driver-4.33.0.jar:?]
	at jdk.internal.reflect.DirectMethodHandleAccessor.invoke(DirectMethodHandleAccessor.java:103) ~[?:?]
	at java.lang.reflect.Method.invoke(Method.java:580) ~[?:?]
	at org.openqa.selenium.support.pagefactory.internal.LocatingElementHandler.invoke(LocatingElementHandler.java:51) ~[selenium-support-4.33.0.jar:?]
	at jdk.proxy2.$Proxy29.isDisplayed(Unknown Source) ~[?:?]
	at org.openqa.selenium.support.ui.ExpectedConditions.elementIfVisible(ExpectedConditions.java:304) ~[selenium-support-4.33.0.jar:?]
	at org.openqa.selenium.support.ui.ExpectedConditions$10.apply(ExpectedConditions.java:290) ~[selenium-support-4.33.0.jar:?]
	at org.openqa.selenium.support.ui.ExpectedConditions$10.apply(ExpectedConditions.java:287) ~[selenium-support-4.33.0.jar:?]
	at org.openqa.selenium.support.ui.FluentWait.until(FluentWait.java:203) ~[selenium-support-4.33.0.jar:?]
	at com.useractionsinifs.abstractComponents.AbstractComponents.waitForElementVisible(AbstractComponents.java:38) ~[classes/:?]
	at com.useractionsinifs.testComponents.BaseTest.tearDown(BaseTest.java:190) ~[test-classes/:?]
	at jdk.internal.reflect.DirectMethodHandleAccessor.invoke(DirectMethodHandleAccessor.java:103) ~[?:?]
	at java.lang.reflect.Method.invoke(Method.java:580) ~[?:?]
	at org.testng.internal.invokers.MethodInvocationHelper.invokeMethod(MethodInvocationHelper.java:141) ~[testng-7.11.0.jar:7.11.0]
	at org.testng.internal.invokers.MethodInvocationHelper.invokeMethodConsideringTimeout(MethodInvocationHelper.java:71) ~[testng-7.11.0.jar:7.11.0]
	at org.testng.internal.invokers.ConfigInvoker.invokeConfigurationMethod(ConfigInvoker.java:400) ~[testng-7.11.0.jar:7.11.0]
	at org.testng.internal.invokers.ConfigInvoker.invokeConfigurations(ConfigInvoker.java:333) ~[testng-7.11.0.jar:7.11.0]
	at org.testng.internal.invokers.TestInvoker.runConfigMethods(TestInvoker.java:836) ~[testng-7.11.0.jar:7.11.0]
	at org.testng.internal.invokers.TestInvoker.runAfterConfigurations(TestInvoker.java:805) ~[testng-7.11.0.jar:7.11.0]
	at org.testng.internal.invokers.TestInvoker.invokeMethod(TestInvoker.java:781) ~[testng-7.11.0.jar:7.11.0]
	at org.testng.internal.invokers.TestInvoker.invokeTestMethod(TestInvoker.java:230) ~[testng-7.11.0.jar:7.11.0]
	at org.testng.internal.invokers.MethodRunner.runInSequence(MethodRunner.java:63) ~[testng-7.11.0.jar:7.11.0]
	at org.testng.internal.invokers.TestInvoker$MethodInvocationAgent.invoke(TestInvoker.java:995) ~[testng-7.11.0.jar:7.11.0]
	at org.testng.internal.invokers.TestInvoker.invokeTestMethods(TestInvoker.java:203) ~[testng-7.11.0.jar:7.11.0]
	at org.testng.internal.invokers.TestMethodWorker.invokeTestMethods(TestMethodWorker.java:154) ~[testng-7.11.0.jar:7.11.0]
	at org.testng.internal.invokers.TestMethodWorker.run(TestMethodWorker.java:134) ~[testng-7.11.0.jar:7.11.0]
	at java.util.ArrayList.forEach(ArrayList.java:1596) [?:?]
	at org.testng.TestRunner.privateRun(TestRunner.java:741) [testng-7.11.0.jar:7.11.0]
	at org.testng.TestRunner.run(TestRunner.java:616) [testng-7.11.0.jar:7.11.0]
	at org.testng.SuiteRunner.runTest(SuiteRunner.java:421) [testng-7.11.0.jar:7.11.0]
	at org.testng.SuiteRunner.runSequentially(SuiteRunner.java:413) [testng-7.11.0.jar:7.11.0]
	at org.testng.SuiteRunner.privateRun(SuiteRunner.java:373) [testng-7.11.0.jar:7.11.0]
	at org.testng.SuiteRunner.run(SuiteRunner.java:312) [testng-7.11.0.jar:7.11.0]
	at org.testng.SuiteRunnerWorker.runSuite(SuiteRunnerWorker.java:52) [testng-7.11.0.jar:7.11.0]
	at org.testng.SuiteRunnerWorker.run(SuiteRunnerWorker.java:95) [testng-7.11.0.jar:7.11.0]
	at org.testng.TestNG.runSuitesSequentially(TestNG.java:1274) [testng-7.11.0.jar:7.11.0]
	at org.testng.TestNG.runSuitesLocally(TestNG.java:1208) [testng-7.11.0.jar:7.11.0]
	at org.testng.TestNG.runSuites(TestNG.java:1112) [testng-7.11.0.jar:7.11.0]
	at org.testng.TestNG.run(TestNG.java:1079) [testng-7.11.0.jar:7.11.0]
	at org.apache.maven.surefire.testng.TestNGExecutor.run(TestNGExecutor.java:308) [surefire-testng-3.1.2.jar:3.1.2]
	at org.apache.maven.surefire.testng.TestNGXmlTestSuite.execute(TestNGXmlTestSuite.java:71) [surefire-testng-3.1.2.jar:3.1.2]
	at org.apache.maven.surefire.testng.TestNGProvider.invoke(TestNGProvider.java:113) [surefire-testng-3.1.2.jar:3.1.2]
	at org.apache.maven.surefire.booter.ForkedBooter.runSuitesInProcess(ForkedBooter.java:385) [surefire-booter-3.1.2.jar:3.1.2]
	at org.apache.maven.surefire.booter.ForkedBooter.execute(ForkedBooter.java:162) [surefire-booter-3.1.2.jar:3.1.2]
	at org.apache.maven.surefire.booter.ForkedBooter.run(ForkedBooter.java:507) [surefire-booter-3.1.2.jar:3.1.2]
	at org.apache.maven.surefire.booter.ForkedBooter.main(ForkedBooter.java:495) [surefire-booter-3.1.2.jar:3.1.2]
23:03:19.503 [main] INFO  com.useractionsinifs.testComponents.BaseTest - Closing WebDriver session
23:03:24.050 [main] INFO  com.useractionsinifs.testCases.UserDeletionTest - Starting User Deletion Test
23:03:34.961 [main] INFO  com.useractionsinifs.abstractComponents.AbstractComponents - Waiting for shadow DOM element: document.querySelector('#osp-nav-user-profile').shadowRoot.querySelector('button')
true this is for document.querySelector('#osp-nav-user-profile').shadowRoot.querySelector('button')
23:03:35.003 [main] INFO  com.useractionsinifs.abstractComponents.AbstractComponents - Shadow DOM element found: document.querySelector('#osp-nav-user-profile').shadowRoot.querySelector('button')
23:03:35.782 [main] INFO  com.useractionsinifs.abstractComponents.AbstractComponents - Waiting for shadow DOM element: document.querySelector("portal-app-launcher-item[class='ng-star-inserted']")
true this is for document.querySelector("portal-app-launcher-item[class='ng-star-inserted']")
23:03:35.797 [main] INFO  com.useractionsinifs.abstractComponents.AbstractComponents - Shadow DOM element found: document.querySelector("portal-app-launcher-item[class='ng-star-inserted']")
23:03:36.023 [main] INFO  com.useractionsinifs.abstractComponents.AbstractComponents - Waiting for shadow DOM element: document.querySelector('#infor-coleman-da-panel > ids-icon')
true this is for document.querySelector('#infor-coleman-da-panel > ids-icon')
23:03:36.038 [main] INFO  com.useractionsinifs.abstractComponents.AbstractComponents - Shadow DOM element found: document.querySelector('#infor-coleman-da-panel > ids-icon')
23:03:36.043 [main] INFO  com.useractionsinifs.abstractComponents.Security_AbstractComponents - Security_AbstractComponents initialized
23:03:41.223 [main] INFO  com.useractionsinifs.abstractComponents.AbstractComponents - Switched to first available iframe
]]></system-out>
    <system-err><![CDATA[Aug 07, 2025 11:03:21 PM org.openqa.selenium.devtools.CdpVersionFinder findNearestMatch
WARNING: Unable to find an exact match for CDP version 138, returning the closest version; found: 137; Please update to a Selenium version that supports CDP version 138
]]></system-err>
  </testcase>
</testsuite>