<?xml version="1.0" encoding="UTF-8"?>
<testng-results ignored="7" total="7" passed="0" failed="0" skipped="0">
  <reporter-output>
  </reporter-output>
  <suite started-at="2025-08-08T08:59:08 IST" name="IFS User Actions Test Suite" finished-at="2025-08-08T08:59:08 IST" duration-ms="714">
    <groups>
      <group name="regression">
        <method signature="UserCreationTest.createUserTest(java.util.HashMap)[pri:1, instance:com.useractionsinifs.testCases.UserCreationTest@d78795]" name="createUserTest" class="com.useractionsinifs.testCases.UserCreationTest"/>
        <method signature="UserDeletionTest.deleteUserTest(java.util.HashMap)[pri:3, instance:com.useractionsinifs.testCases.UserDeletionTest@47428937]" name="deleteUserTest" class="com.useractionsinifs.testCases.UserDeletionTest"/>
        <method signature="UserCreationTest.createUserTest(java.util.HashMap)[pri:1, instance:com.useractionsinifs.testCases.UserCreationTest@19b30c92]" name="createUserTest" class="com.useractionsinifs.testCases.UserCreationTest"/>
        <method signature="UserDeletionTest.deleteUserTest(java.util.HashMap)[pri:3, instance:com.useractionsinifs.testCases.UserDeletionTest@16423501]" name="deleteUserTest" class="com.useractionsinifs.testCases.UserDeletionTest"/>
      </group> <!-- regression -->
      <group name="smoke">
        <method signature="UserCreationTest.createUserTest(java.util.HashMap)[pri:1, instance:com.useractionsinifs.testCases.UserCreationTest@d78795]" name="createUserTest" class="com.useractionsinifs.testCases.UserCreationTest"/>
        <method signature="UserPasswordResetTest.resetPasswordTest(java.util.HashMap)[pri:2, instance:com.useractionsinifs.testCases.UserPasswordResetTest@2c715e84]" name="resetPasswordTest" class="com.useractionsinifs.testCases.UserPasswordResetTest"/>
        <method signature="UserDeletionTest.deleteUserTest(java.util.HashMap)[pri:3, instance:com.useractionsinifs.testCases.UserDeletionTest@47428937]" name="deleteUserTest" class="com.useractionsinifs.testCases.UserDeletionTest"/>
        <method signature="UserCreationTest.createUserTest(java.util.HashMap)[pri:1, instance:com.useractionsinifs.testCases.UserCreationTest@19b30c92]" name="createUserTest" class="com.useractionsinifs.testCases.UserCreationTest"/>
        <method signature="UserDeletionTest.deleteUserTest(java.util.HashMap)[pri:3, instance:com.useractionsinifs.testCases.UserDeletionTest@16423501]" name="deleteUserTest" class="com.useractionsinifs.testCases.UserDeletionTest"/>
      </group> <!-- smoke -->
    </groups>
    <test started-at="2025-08-08T08:59:08 IST" name="Login Tests" finished-at="2025-08-08T08:59:08 IST" duration-ms="39">
    </test> <!-- Login Tests -->
    <test started-at="2025-08-08T08:59:08 IST" name="Smoke Tests" finished-at="2025-08-08T08:59:08 IST" duration-ms="288">
    </test> <!-- Smoke Tests -->
    <test started-at="2025-08-08T08:59:08 IST" name="Regression Tests" finished-at="2025-08-08T08:59:08 IST" duration-ms="0">
    </test> <!-- Regression Tests -->
  </suite> <!-- IFS User Actions Test Suite -->
</testng-results>
