<?xml version="1.0" encoding="UTF-8"?>
<testng-results ignored="8" total="22" passed="9" failed="5" skipped="0">
  <reporter-output>
  </reporter-output>
  <suite started-at="2025-08-07T22:57:06 IST" name="IFS User Actions Test Suite" finished-at="2025-08-07T23:03:59 IST" duration-ms="413016">
    <groups>
      <group name="regression">
        <method signature="UserCreationTest.createUserTest(java.util.HashMap)[pri:1, instance:com.useractionsinifs.testCases.UserCreationTest@2c715e84]" name="createUserTest" class="com.useractionsinifs.testCases.UserCreationTest"/>
        <method signature="UserDeletionTest.deleteUserTest(java.util.HashMap)[pri:3, instance:com.useractionsinifs.testCases.UserDeletionTest@3b9d6699]" name="deleteUserTest" class="com.useractionsinifs.testCases.UserDeletionTest"/>
        <method signature="UserCreationTest.createUserTest(java.util.HashMap)[pri:1, instance:com.useractionsinifs.testCases.UserCreationTest@455351c4]" name="createUserTest" class="com.useractionsinifs.testCases.UserCreationTest"/>
        <method signature="UserDeletionTest.deleteUserTest(java.util.HashMap)[pri:3, instance:com.useractionsinifs.testCases.UserDeletionTest@4efcf8a]" name="deleteUserTest" class="com.useractionsinifs.testCases.UserDeletionTest"/>
      </group> <!-- regression -->
      <group name="smoke">
        <method signature="LoginTests.validLoginTest(java.util.HashMap)[pri:1, instance:com.useractionsinifs.testCases.LoginTests@2f162cc0]" name="validLoginTest" class="com.useractionsinifs.testCases.LoginTests"/>
        <method signature="UserCreationTest.createUserTest(java.util.HashMap)[pri:1, instance:com.useractionsinifs.testCases.UserCreationTest@2c715e84]" name="createUserTest" class="com.useractionsinifs.testCases.UserCreationTest"/>
        <method signature="UserPasswordResetTest.resetPasswordTest(java.util.HashMap)[pri:2, instance:com.useractionsinifs.testCases.UserPasswordResetTest@47428937]" name="resetPasswordTest" class="com.useractionsinifs.testCases.UserPasswordResetTest"/>
        <method signature="UserDeletionTest.deleteUserTest(java.util.HashMap)[pri:3, instance:com.useractionsinifs.testCases.UserDeletionTest@3b9d6699]" name="deleteUserTest" class="com.useractionsinifs.testCases.UserDeletionTest"/>
        <method signature="LoginTests.validLoginTest(java.util.HashMap)[pri:1, instance:com.useractionsinifs.testCases.LoginTests@d78795]" name="validLoginTest" class="com.useractionsinifs.testCases.LoginTests"/>
        <method signature="UserCreationTest.createUserTest(java.util.HashMap)[pri:1, instance:com.useractionsinifs.testCases.UserCreationTest@455351c4]" name="createUserTest" class="com.useractionsinifs.testCases.UserCreationTest"/>
        <method signature="UserDeletionTest.deleteUserTest(java.util.HashMap)[pri:3, instance:com.useractionsinifs.testCases.UserDeletionTest@4efcf8a]" name="deleteUserTest" class="com.useractionsinifs.testCases.UserDeletionTest"/>
        <method signature="LoginTests.validLoginTest(java.util.HashMap)[pri:1, instance:com.useractionsinifs.testCases.LoginTests@19b30c92]" name="validLoginTest" class="com.useractionsinifs.testCases.LoginTests"/>
      </group> <!-- smoke -->
    </groups>
    <test started-at="2025-08-07T22:57:06 IST" name="Login Tests" finished-at="2025-08-07T22:58:17 IST" duration-ms="71033">
      <class name="com.useractionsinifs.testCases.LoginTests">
        <test-method is-config="true" signature="initializeDriver()[pri:0, instance:com.useractionsinifs.testCases.LoginTests@2f162cc0]" started-at="2025-08-07T22:57:06 IST" name="initializeDriver" finished-at="2025-08-07T22:57:11 IST" duration-ms="4784" status="PASS">
          <reporter-output>
          </reporter-output>
        </test-method> <!-- initializeDriver -->
        <test-method signature="validLoginTest(java.util.HashMap)[pri:1, instance:com.useractionsinifs.testCases.LoginTests@2f162cc0]" started-at="2025-08-07T22:57:11 IST" name="validLoginTest" description="Verify user can login and logout successfully with valid credentials" data-provider="validLoginData" finished-at="2025-08-07T22:57:30 IST" duration-ms="18859" status="PASS">
          <params>
            <param index="0">
              <value>
                <![CDATA[{description=Valid user credentials - My user, password=Nrth~dd4s#kola8, username=shashank.durthu@infor.com}]]>
              </value>
            </param>
          </params>
          <reporter-output>
          </reporter-output>
        </test-method> <!-- validLoginTest -->
        <test-method is-config="true" signature="tearDown()[pri:0, instance:com.useractionsinifs.testCases.LoginTests@2f162cc0]" started-at="2025-08-07T22:57:30 IST" name="tearDown" finished-at="2025-08-07T22:57:30 IST" duration-ms="732" status="PASS">
          <reporter-output>
          </reporter-output>
        </test-method> <!-- tearDown -->
        <test-method is-config="true" signature="initializeDriver()[pri:0, instance:com.useractionsinifs.testCases.LoginTests@2f162cc0]" started-at="2025-08-07T22:57:30 IST" name="initializeDriver" finished-at="2025-08-07T22:57:34 IST" duration-ms="3643" status="PASS">
          <reporter-output>
          </reporter-output>
        </test-method> <!-- initializeDriver -->
        <test-method signature="validLoginTest(java.util.HashMap)[pri:1, instance:com.useractionsinifs.testCases.LoginTests@2f162cc0]" started-at="2025-08-07T22:57:34 IST" name="validLoginTest" description="Verify user can login and logout successfully with valid credentials" data-provider="validLoginData" finished-at="2025-08-07T22:57:52 IST" duration-ms="18077" status="PASS">
          <params>
            <param index="0">
              <value>
                <![CDATA[{description=Valid user credentials - Admin user, password=Nrth~dd4s#kola8, username=inforosqa01@infor.com}]]>
              </value>
            </param>
          </params>
          <reporter-output>
          </reporter-output>
        </test-method> <!-- validLoginTest -->
        <test-method is-config="true" signature="tearDown()[pri:0, instance:com.useractionsinifs.testCases.LoginTests@2f162cc0]" started-at="2025-08-07T22:57:52 IST" name="tearDown" finished-at="2025-08-07T22:57:53 IST" duration-ms="753" status="PASS">
          <reporter-output>
          </reporter-output>
        </test-method> <!-- tearDown -->
        <test-method is-config="true" signature="initializeDriver()[pri:0, instance:com.useractionsinifs.testCases.LoginTests@2f162cc0]" started-at="2025-08-07T22:57:53 IST" name="initializeDriver" finished-at="2025-08-07T22:57:57 IST" duration-ms="3808" status="PASS">
          <reporter-output>
          </reporter-output>
        </test-method> <!-- initializeDriver -->
        <test-method signature="validLoginTest(java.util.HashMap)[pri:1, instance:com.useractionsinifs.testCases.LoginTests@2f162cc0]" started-at="2025-08-07T22:57:57 IST" name="validLoginTest" description="Verify user can login and logout successfully with valid credentials" data-provider="validLoginData" finished-at="2025-08-07T22:58:16 IST" duration-ms="19255" status="PASS">
          <params>
            <param index="0">
              <value>
                <![CDATA[{description=Valid user credentials - Standard user, password=Nrth~dd4s#kola8, username=inforosqa19@infor.com}]]>
              </value>
            </param>
          </params>
          <reporter-output>
          </reporter-output>
        </test-method> <!-- validLoginTest -->
        <test-method is-config="true" signature="tearDown()[pri:0, instance:com.useractionsinifs.testCases.LoginTests@2f162cc0]" started-at="2025-08-07T22:58:16 IST" name="tearDown" finished-at="2025-08-07T22:58:17 IST" duration-ms="826" status="PASS">
          <reporter-output>
          </reporter-output>
        </test-method> <!-- tearDown -->
      </class> <!-- com.useractionsinifs.testCases.LoginTests -->
    </test> <!-- Login Tests -->
    <test started-at="2025-08-07T22:58:17 IST" name="Smoke Tests" finished-at="2025-08-07T23:01:42 IST" duration-ms="205081">
      <class name="com.useractionsinifs.testCases.UserCreationTest">
        <test-method is-config="true" signature="initializeDriver()[pri:0, instance:com.useractionsinifs.testCases.UserCreationTest@2c715e84]" started-at="2025-08-07T22:59:41 IST" name="initializeDriver" finished-at="2025-08-07T22:59:44 IST" duration-ms="3663" status="PASS">
          <reporter-output>
          </reporter-output>
        </test-method> <!-- initializeDriver -->
        <test-method signature="createUserTest(java.util.HashMap)[pri:1, instance:com.useractionsinifs.testCases.UserCreationTest@2c715e84]" started-at="2025-08-07T22:59:44 IST" name="createUserTest" description="Create a new user" data-provider="myUserCredentials" finished-at="2025-08-07T23:00:08 IST" duration-ms="23271" status="FAIL">
          <params>
            <param index="0">
              <value>
                <![CDATA[{description=Valid user credentials - My user, password=Nrth~dd4s#kola8, username=shashank.durthu@infor.com}]]>
              </value>
            </param>
          </params>
          <exception class="java.lang.RuntimeException">
            <message>
              <![CDATA[Failed to navigate to Users]]>
            </message>
            <full-stacktrace>
              <![CDATA[java.lang.RuntimeException: Failed to navigate to Users
at com.useractionsinifs.abstractComponents.Security_AbstractComponents.navigateToUsers(Security_AbstractComponents.java:111)
at com.useractionsinifs.pageObjects.SecurityPage_Users.createUser(SecurityPage_Users.java:157)
at com.useractionsinifs.testCases.UserCreationTest.createUserTest(UserCreationTest.java:62)
at java.base/jdk.internal.reflect.DirectMethodHandleAccessor.invoke(DirectMethodHandleAccessor.java:103)
at java.base/java.lang.reflect.Method.invoke(Method.java:580)
at org.testng.internal.invokers.MethodInvocationHelper.invokeMethod(MethodInvocationHelper.java:141)
at org.testng.internal.invokers.TestInvoker.invokeMethod(TestInvoker.java:687)
at org.testng.internal.invokers.TestInvoker.invokeTestMethod(TestInvoker.java:230)
at org.testng.internal.invokers.MethodRunner.runInSequence(MethodRunner.java:63)
at org.testng.internal.invokers.TestInvoker$MethodInvocationAgent.invoke(TestInvoker.java:995)
at org.testng.internal.invokers.TestInvoker.invokeTestMethods(TestInvoker.java:203)
at org.testng.internal.invokers.TestMethodWorker.invokeTestMethods(TestMethodWorker.java:154)
at org.testng.internal.invokers.TestMethodWorker.run(TestMethodWorker.java:134)
at java.base/java.util.ArrayList.forEach(ArrayList.java:1596)
at org.testng.TestRunner.privateRun(TestRunner.java:741)
at org.testng.TestRunner.run(TestRunner.java:616)
at org.testng.SuiteRunner.runTest(SuiteRunner.java:421)
at org.testng.SuiteRunner.runSequentially(SuiteRunner.java:413)
at org.testng.SuiteRunner.privateRun(SuiteRunner.java:373)
at org.testng.SuiteRunner.run(SuiteRunner.java:312)
at org.testng.SuiteRunnerWorker.runSuite(SuiteRunnerWorker.java:52)
at org.testng.SuiteRunnerWorker.run(SuiteRunnerWorker.java:95)
at org.testng.TestNG.runSuitesSequentially(TestNG.java:1274)
at org.testng.TestNG.runSuitesLocally(TestNG.java:1208)
at org.testng.TestNG.runSuites(TestNG.java:1112)
at org.testng.TestNG.run(TestNG.java:1079)
at org.apache.maven.surefire.testng.TestNGExecutor.run(TestNGExecutor.java:308)
at org.apache.maven.surefire.testng.TestNGXmlTestSuite.execute(TestNGXmlTestSuite.java:71)
at org.apache.maven.surefire.testng.TestNGProvider.invoke(TestNGProvider.java:113)
at org.apache.maven.surefire.booter.ForkedBooter.runSuitesInProcess(ForkedBooter.java:385)
at org.apache.maven.surefire.booter.ForkedBooter.execute(ForkedBooter.java:162)
at org.apache.maven.surefire.booter.ForkedBooter.run(ForkedBooter.java:507)
at org.apache.maven.surefire.booter.ForkedBooter.main(ForkedBooter.java:495)
Caused by: org.openqa.selenium.ElementClickInterceptedException: element click intercepted: Element <div class="accordion-header" role="presentation">...</div> is not clickable at point (199, 23). Other element would receive the click: <div id="pageLoaderTemplate" class="infor-pageloader" style="background-image: url(&quot;/ifsui/css/themes/base/images/temp.png&quot;); display: block;">...</div>
  (Session info: chrome=138.0.7204.184)
Build info: version: '4.33.0', revision: '2c6aaad03a'
System info: os.name: 'Windows 11', os.arch: 'amd64', os.version: '10.0', java.version: '21.0.6'
Driver info: org.openqa.selenium.chrome.ChromeDriver
Command: [4eeb52dbbe56c3d4f9b609bad7b90601, clickElement {id=f.961019126B562D0651408D9987C29778.d.E5D3840E4C6C601E76D76FB5A0CBEFEF.e.231}]
Capabilities {acceptInsecureCerts: false, browserName: chrome, browserVersion: 138.0.7204.184, chrome: {chromedriverVersion: 138.0.7204.183 (e90faf484dd..., userDataDir: C:\Users\ndurthu\AppData\Lo...}, fedcm:accounts: true, goog:chromeOptions: {debuggerAddress: localhost:50205}, networkConnectionEnabled: false, pageLoadStrategy: normal, platformName: windows, proxy: Proxy(), se:cdp: ws://localhost:50205/devtoo..., se:cdpVersion: 138.0.7204.184, setWindowRect: true, strictFileInteractability: false, timeouts: {implicit: 0, pageLoad: 300000, script: 30000}, unhandledPromptBehavior: dismiss and notify, webauthn:extension:credBlob: true, webauthn:extension:largeBlob: true, webauthn:extension:minPinLength: true, webauthn:extension:prf: true, webauthn:virtualAuthenticators: true}
Element: [org.openqa.selenium.remote.RemoteWebElement@e4073fad -> unknown locator]
Session ID: 4eeb52dbbe56c3d4f9b609bad7b90601
at java.base/jdk.internal.reflect.DirectConstructorHandleAccessor.newInstance(DirectConstructorHandleAccessor.java:62)
at java.base/java.lang.reflect.Constructor.newInstanceWithCaller(Constructor.java:502)
at java.base/java.lang.reflect.Constructor.newInstance(Constructor.java:486)
at org.openqa.selenium.remote.ErrorCodec.decode(ErrorCodec.java:167)
at org.openqa.selenium.remote.codec.w3c.W3CHttpResponseCodec.decode(W3CHttpResponseCodec.java:138)
at org.openqa.selenium.remote.codec.w3c.W3CHttpResponseCodec.decode(W3CHttpResponseCodec.java:50)
at org.openqa.selenium.remote.HttpCommandExecutor.execute(HttpCommandExecutor.java:215)
at org.openqa.selenium.remote.service.DriverCommandExecutor.invokeExecute(DriverCommandExecutor.java:216)
at org.openqa.selenium.remote.service.DriverCommandExecutor.execute(DriverCommandExecutor.java:174)
at org.openqa.selenium.remote.RemoteWebDriver.execute(RemoteWebDriver.java:544)
at org.openqa.selenium.remote.RemoteWebElement.execute(RemoteWebElement.java:223)
at org.openqa.selenium.remote.RemoteWebElement.click(RemoteWebElement.java:76)
at com.useractionsinifs.abstractComponents.Security_AbstractComponents.navigateToUsers(Security_AbstractComponents.java:100)
... 32 more
]]>
            </full-stacktrace>
          </exception> <!-- java.lang.RuntimeException -->
          <reporter-output>
          </reporter-output>
        </test-method> <!-- createUserTest -->
        <test-method is-config="true" signature="tearDown()[pri:0, instance:com.useractionsinifs.testCases.UserCreationTest@2c715e84]" started-at="2025-08-07T23:00:08 IST" name="tearDown" finished-at="2025-08-07T23:00:21 IST" duration-ms="12682" status="PASS">
          <reporter-output>
          </reporter-output>
        </test-method> <!-- tearDown -->
      </class> <!-- com.useractionsinifs.testCases.UserCreationTest -->
      <class name="com.useractionsinifs.testCases.UserDeletionTest">
        <test-method is-config="true" signature="initializeDriver()[pri:0, instance:com.useractionsinifs.testCases.UserDeletionTest@3b9d6699]" started-at="2025-08-07T23:01:01 IST" name="initializeDriver" finished-at="2025-08-07T23:01:05 IST" duration-ms="3706" status="PASS">
          <reporter-output>
          </reporter-output>
        </test-method> <!-- initializeDriver -->
        <test-method signature="deleteUserTest(java.util.HashMap)[pri:3, instance:com.useractionsinifs.testCases.UserDeletionTest@3b9d6699]" started-at="2025-08-07T23:01:05 IST" name="deleteUserTest" description="Delete the created user" data-provider="myUserCredentials" finished-at="2025-08-07T23:01:30 IST" depends-on-methods="com.useractionsinifs.testCases.UserCreationTest.createUserTest" duration-ms="24544" status="FAIL">
          <params>
            <param index="0">
              <value>
                <![CDATA[{description=Valid user credentials - My user, password=Nrth~dd4s#kola8, username=shashank.durthu@infor.com}]]>
              </value>
            </param>
          </params>
          <exception class="java.lang.IllegalArgumentException">
            <message>
              <![CDATA[Keys to send should be a not null CharSequence]]>
            </message>
            <full-stacktrace>
              <![CDATA[java.lang.IllegalArgumentException: Keys to send should be a not null CharSequence
at org.openqa.selenium.remote.RemoteWebElement.sendKeys(RemoteWebElement.java:96)
at java.base/jdk.internal.reflect.DirectMethodHandleAccessor.invoke(DirectMethodHandleAccessor.java:103)
at java.base/java.lang.reflect.Method.invoke(Method.java:580)
at org.openqa.selenium.support.pagefactory.internal.LocatingElementHandler.invoke(LocatingElementHandler.java:51)
at jdk.proxy2/jdk.proxy2.$Proxy29.sendKeys(Unknown Source)
at com.useractionsinifs.pageObjects.SecurityPage_Users.deleteUser(SecurityPage_Users.java:193)
at com.useractionsinifs.testCases.UserDeletionTest.deleteUserTest(UserDeletionTest.java:62)
at java.base/jdk.internal.reflect.DirectMethodHandleAccessor.invoke(DirectMethodHandleAccessor.java:103)
at java.base/java.lang.reflect.Method.invoke(Method.java:580)
at org.testng.internal.invokers.MethodInvocationHelper.invokeMethod(MethodInvocationHelper.java:141)
at org.testng.internal.invokers.TestInvoker.invokeMethod(TestInvoker.java:687)
at org.testng.internal.invokers.TestInvoker.invokeTestMethod(TestInvoker.java:230)
at org.testng.internal.invokers.MethodRunner.runInSequence(MethodRunner.java:63)
at org.testng.internal.invokers.TestInvoker$MethodInvocationAgent.invoke(TestInvoker.java:995)
at org.testng.internal.invokers.TestInvoker.invokeTestMethods(TestInvoker.java:203)
at org.testng.internal.invokers.TestMethodWorker.invokeTestMethods(TestMethodWorker.java:154)
at org.testng.internal.invokers.TestMethodWorker.run(TestMethodWorker.java:134)
at java.base/java.util.ArrayList.forEach(ArrayList.java:1596)
at org.testng.TestRunner.privateRun(TestRunner.java:741)
at org.testng.TestRunner.run(TestRunner.java:616)
at org.testng.SuiteRunner.runTest(SuiteRunner.java:421)
at org.testng.SuiteRunner.runSequentially(SuiteRunner.java:413)
at org.testng.SuiteRunner.privateRun(SuiteRunner.java:373)
at org.testng.SuiteRunner.run(SuiteRunner.java:312)
at org.testng.SuiteRunnerWorker.runSuite(SuiteRunnerWorker.java:52)
at org.testng.SuiteRunnerWorker.run(SuiteRunnerWorker.java:95)
at org.testng.TestNG.runSuitesSequentially(TestNG.java:1274)
at org.testng.TestNG.runSuitesLocally(TestNG.java:1208)
at org.testng.TestNG.runSuites(TestNG.java:1112)
at org.testng.TestNG.run(TestNG.java:1079)
at org.apache.maven.surefire.testng.TestNGExecutor.run(TestNGExecutor.java:308)
at org.apache.maven.surefire.testng.TestNGXmlTestSuite.execute(TestNGXmlTestSuite.java:71)
at org.apache.maven.surefire.testng.TestNGProvider.invoke(TestNGProvider.java:113)
at org.apache.maven.surefire.booter.ForkedBooter.runSuitesInProcess(ForkedBooter.java:385)
at org.apache.maven.surefire.booter.ForkedBooter.execute(ForkedBooter.java:162)
at org.apache.maven.surefire.booter.ForkedBooter.run(ForkedBooter.java:507)
at org.apache.maven.surefire.booter.ForkedBooter.main(ForkedBooter.java:495)
]]>
            </full-stacktrace>
          </exception> <!-- java.lang.IllegalArgumentException -->
          <reporter-output>
          </reporter-output>
        </test-method> <!-- deleteUserTest -->
        <test-method is-config="true" signature="tearDown()[pri:0, instance:com.useractionsinifs.testCases.UserDeletionTest@3b9d6699]" started-at="2025-08-07T23:01:30 IST" name="tearDown" finished-at="2025-08-07T23:01:42 IST" duration-ms="12469" status="PASS">
          <reporter-output>
          </reporter-output>
        </test-method> <!-- tearDown -->
      </class> <!-- com.useractionsinifs.testCases.UserDeletionTest -->
      <class name="com.useractionsinifs.testCases.LoginTests">
        <test-method is-config="true" signature="initializeDriver()[pri:0, instance:com.useractionsinifs.testCases.LoginTests@d78795]" started-at="2025-08-07T22:58:17 IST" name="initializeDriver" finished-at="2025-08-07T22:58:21 IST" duration-ms="3358" status="PASS">
          <reporter-output>
          </reporter-output>
        </test-method> <!-- initializeDriver -->
        <test-method signature="validLoginTest(java.util.HashMap)[pri:1, instance:com.useractionsinifs.testCases.LoginTests@d78795]" started-at="2025-08-07T22:58:21 IST" name="validLoginTest" description="Verify user can login and logout successfully with valid credentials" data-provider="validLoginData" finished-at="2025-08-07T22:58:38 IST" duration-ms="16908" status="PASS">
          <params>
            <param index="0">
              <value>
                <![CDATA[{description=Valid user credentials - My user, password=Nrth~dd4s#kola8, username=shashank.durthu@infor.com}]]>
              </value>
            </param>
          </params>
          <reporter-output>
          </reporter-output>
        </test-method> <!-- validLoginTest -->
        <test-method is-config="true" signature="tearDown()[pri:0, instance:com.useractionsinifs.testCases.LoginTests@d78795]" started-at="2025-08-07T22:58:38 IST" name="tearDown" finished-at="2025-08-07T22:58:51 IST" duration-ms="13163" status="PASS">
          <reporter-output>
          </reporter-output>
        </test-method> <!-- tearDown -->
        <test-method is-config="true" signature="initializeDriver()[pri:0, instance:com.useractionsinifs.testCases.LoginTests@d78795]" started-at="2025-08-07T22:58:51 IST" name="initializeDriver" finished-at="2025-08-07T22:58:56 IST" duration-ms="5387" status="PASS">
          <reporter-output>
          </reporter-output>
        </test-method> <!-- initializeDriver -->
        <test-method signature="validLoginTest(java.util.HashMap)[pri:1, instance:com.useractionsinifs.testCases.LoginTests@d78795]" started-at="2025-08-07T22:58:56 IST" name="validLoginTest" description="Verify user can login and logout successfully with valid credentials" data-provider="validLoginData" finished-at="2025-08-07T22:59:09 IST" duration-ms="12648" status="PASS">
          <params>
            <param index="0">
              <value>
                <![CDATA[{description=Valid user credentials - Admin user, password=Nrth~dd4s#kola8, username=inforosqa01@infor.com}]]>
              </value>
            </param>
          </params>
          <reporter-output>
          </reporter-output>
        </test-method> <!-- validLoginTest -->
        <test-method is-config="true" signature="tearDown()[pri:0, instance:com.useractionsinifs.testCases.LoginTests@d78795]" started-at="2025-08-07T22:59:09 IST" name="tearDown" finished-at="2025-08-07T22:59:21 IST" duration-ms="11941" status="PASS">
          <reporter-output>
          </reporter-output>
        </test-method> <!-- tearDown -->
        <test-method is-config="true" signature="initializeDriver()[pri:0, instance:com.useractionsinifs.testCases.LoginTests@d78795]" started-at="2025-08-07T22:59:21 IST" name="initializeDriver" finished-at="2025-08-07T22:59:24 IST" duration-ms="3795" status="PASS">
          <reporter-output>
          </reporter-output>
        </test-method> <!-- initializeDriver -->
        <test-method signature="validLoginTest(java.util.HashMap)[pri:1, instance:com.useractionsinifs.testCases.LoginTests@d78795]" started-at="2025-08-07T22:59:24 IST" name="validLoginTest" description="Verify user can login and logout successfully with valid credentials" data-provider="validLoginData" finished-at="2025-08-07T22:59:39 IST" duration-ms="14177" status="PASS">
          <params>
            <param index="0">
              <value>
                <![CDATA[{description=Valid user credentials - Standard user, password=Nrth~dd4s#kola8, username=inforosqa19@infor.com}]]>
              </value>
            </param>
          </params>
          <reporter-output>
          </reporter-output>
        </test-method> <!-- validLoginTest -->
        <test-method is-config="true" signature="tearDown()[pri:0, instance:com.useractionsinifs.testCases.LoginTests@d78795]" started-at="2025-08-07T22:59:39 IST" name="tearDown" finished-at="2025-08-07T22:59:41 IST" duration-ms="2095" status="PASS">
          <reporter-output>
          </reporter-output>
        </test-method> <!-- tearDown -->
      </class> <!-- com.useractionsinifs.testCases.LoginTests -->
      <class name="com.useractionsinifs.testCases.UserPasswordResetTest">
        <test-method is-config="true" signature="initializeDriver()[pri:0, instance:com.useractionsinifs.testCases.UserPasswordResetTest@47428937]" started-at="2025-08-07T23:00:21 IST" name="initializeDriver" finished-at="2025-08-07T23:00:25 IST" duration-ms="3962" status="PASS">
          <reporter-output>
          </reporter-output>
        </test-method> <!-- initializeDriver -->
        <test-method signature="resetPasswordTest(java.util.HashMap)[pri:2, instance:com.useractionsinifs.testCases.UserPasswordResetTest@47428937]" started-at="2025-08-07T23:00:25 IST" name="resetPasswordTest" description="Reset password for created user" data-provider="myUserCredentials" finished-at="2025-08-07T23:00:47 IST" depends-on-methods="com.useractionsinifs.testCases.UserCreationTest.createUserTest" duration-ms="22888" status="FAIL">
          <params>
            <param index="0">
              <value>
                <![CDATA[{description=Valid user credentials - My user, password=Nrth~dd4s#kola8, username=shashank.durthu@infor.com}]]>
              </value>
            </param>
          </params>
          <exception class="java.lang.IllegalArgumentException">
            <message>
              <![CDATA[Keys to send should be a not null CharSequence]]>
            </message>
            <full-stacktrace>
              <![CDATA[java.lang.IllegalArgumentException: Keys to send should be a not null CharSequence
at org.openqa.selenium.remote.RemoteWebElement.sendKeys(RemoteWebElement.java:96)
at java.base/jdk.internal.reflect.DirectMethodHandleAccessor.invoke(DirectMethodHandleAccessor.java:103)
at java.base/java.lang.reflect.Method.invoke(Method.java:580)
at org.openqa.selenium.support.pagefactory.internal.LocatingElementHandler.invoke(LocatingElementHandler.java:51)
at jdk.proxy2/jdk.proxy2.$Proxy29.sendKeys(Unknown Source)
at com.useractionsinifs.pageObjects.SecurityPage_Users.resetPasswordByAdmin(SecurityPage_Users.java:361)
at com.useractionsinifs.testCases.UserPasswordResetTest.resetPasswordTest(UserPasswordResetTest.java:62)
at java.base/jdk.internal.reflect.DirectMethodHandleAccessor.invoke(DirectMethodHandleAccessor.java:103)
at java.base/java.lang.reflect.Method.invoke(Method.java:580)
at org.testng.internal.invokers.MethodInvocationHelper.invokeMethod(MethodInvocationHelper.java:141)
at org.testng.internal.invokers.TestInvoker.invokeMethod(TestInvoker.java:687)
at org.testng.internal.invokers.TestInvoker.invokeTestMethod(TestInvoker.java:230)
at org.testng.internal.invokers.MethodRunner.runInSequence(MethodRunner.java:63)
at org.testng.internal.invokers.TestInvoker$MethodInvocationAgent.invoke(TestInvoker.java:995)
at org.testng.internal.invokers.TestInvoker.invokeTestMethods(TestInvoker.java:203)
at org.testng.internal.invokers.TestMethodWorker.invokeTestMethods(TestMethodWorker.java:154)
at org.testng.internal.invokers.TestMethodWorker.run(TestMethodWorker.java:134)
at java.base/java.util.ArrayList.forEach(ArrayList.java:1596)
at org.testng.TestRunner.privateRun(TestRunner.java:741)
at org.testng.TestRunner.run(TestRunner.java:616)
at org.testng.SuiteRunner.runTest(SuiteRunner.java:421)
at org.testng.SuiteRunner.runSequentially(SuiteRunner.java:413)
at org.testng.SuiteRunner.privateRun(SuiteRunner.java:373)
at org.testng.SuiteRunner.run(SuiteRunner.java:312)
at org.testng.SuiteRunnerWorker.runSuite(SuiteRunnerWorker.java:52)
at org.testng.SuiteRunnerWorker.run(SuiteRunnerWorker.java:95)
at org.testng.TestNG.runSuitesSequentially(TestNG.java:1274)
at org.testng.TestNG.runSuitesLocally(TestNG.java:1208)
at org.testng.TestNG.runSuites(TestNG.java:1112)
at org.testng.TestNG.run(TestNG.java:1079)
at org.apache.maven.surefire.testng.TestNGExecutor.run(TestNGExecutor.java:308)
at org.apache.maven.surefire.testng.TestNGXmlTestSuite.execute(TestNGXmlTestSuite.java:71)
at org.apache.maven.surefire.testng.TestNGProvider.invoke(TestNGProvider.java:113)
at org.apache.maven.surefire.booter.ForkedBooter.runSuitesInProcess(ForkedBooter.java:385)
at org.apache.maven.surefire.booter.ForkedBooter.execute(ForkedBooter.java:162)
at org.apache.maven.surefire.booter.ForkedBooter.run(ForkedBooter.java:507)
at org.apache.maven.surefire.booter.ForkedBooter.main(ForkedBooter.java:495)
]]>
            </full-stacktrace>
          </exception> <!-- java.lang.IllegalArgumentException -->
          <reporter-output>
          </reporter-output>
        </test-method> <!-- resetPasswordTest -->
        <test-method is-config="true" signature="tearDown()[pri:0, instance:com.useractionsinifs.testCases.UserPasswordResetTest@47428937]" started-at="2025-08-07T23:00:48 IST" name="tearDown" finished-at="2025-08-07T23:01:01 IST" duration-ms="13467" status="PASS">
          <reporter-output>
          </reporter-output>
        </test-method> <!-- tearDown -->
      </class> <!-- com.useractionsinifs.testCases.UserPasswordResetTest -->
    </test> <!-- Smoke Tests -->
    <test started-at="2025-08-07T23:01:42 IST" name="Regression Tests" finished-at="2025-08-07T23:03:59 IST" duration-ms="136273">
      <class name="com.useractionsinifs.testCases.UserCreationTest">
        <test-method is-config="true" signature="initializeDriver()[pri:0, instance:com.useractionsinifs.testCases.UserCreationTest@455351c4]" started-at="2025-08-07T23:02:57 IST" name="initializeDriver" finished-at="2025-08-07T23:03:00 IST" duration-ms="3740" status="PASS">
          <reporter-output>
          </reporter-output>
        </test-method> <!-- initializeDriver -->
        <test-method signature="createUserTest(java.util.HashMap)[pri:1, instance:com.useractionsinifs.testCases.UserCreationTest@455351c4]" started-at="2025-08-07T23:03:00 IST" name="createUserTest" description="Create a new user" data-provider="myUserCredentials" finished-at="2025-08-07T23:03:11 IST" duration-ms="11089" status="FAIL">
          <params>
            <param index="0">
              <value>
                <![CDATA[{description=Valid user credentials - My user, password=Nrth~dd4s#kola8, username=shashank.durthu@infor.com}]]>
              </value>
            </param>
          </params>
          <exception class="java.lang.NullPointerException">
            <message>
              <![CDATA[Cannot invoke "org.openqa.selenium.WebElement.sendKeys(java.lang.CharSequence[])" because the return value of "com.useractionsinifs.abstractComponents.AbstractComponents.accessDOMElement(String)" is null]]>
            </message>
            <full-stacktrace>
              <![CDATA[java.lang.NullPointerException: Cannot invoke "org.openqa.selenium.WebElement.sendKeys(java.lang.CharSequence[])" because the return value of "com.useractionsinifs.abstractComponents.AbstractComponents.accessDOMElement(String)" is null
at com.useractionsinifs.abstractComponents.AbstractComponents.appMenuNavigation(AbstractComponents.java:224)
at com.useractionsinifs.pageObjects.LandingPage.navigateToComponent(LandingPage.java:26)
at com.useractionsinifs.testCases.UserCreationTest.createUserTest(UserCreationTest.java:58)
at java.base/jdk.internal.reflect.DirectMethodHandleAccessor.invoke(DirectMethodHandleAccessor.java:103)
at java.base/java.lang.reflect.Method.invoke(Method.java:580)
at org.testng.internal.invokers.MethodInvocationHelper.invokeMethod(MethodInvocationHelper.java:141)
at org.testng.internal.invokers.TestInvoker.invokeMethod(TestInvoker.java:687)
at org.testng.internal.invokers.TestInvoker.invokeTestMethod(TestInvoker.java:230)
at org.testng.internal.invokers.MethodRunner.runInSequence(MethodRunner.java:63)
at org.testng.internal.invokers.TestInvoker$MethodInvocationAgent.invoke(TestInvoker.java:995)
at org.testng.internal.invokers.TestInvoker.invokeTestMethods(TestInvoker.java:203)
at org.testng.internal.invokers.TestMethodWorker.invokeTestMethods(TestMethodWorker.java:154)
at org.testng.internal.invokers.TestMethodWorker.run(TestMethodWorker.java:134)
at java.base/java.util.ArrayList.forEach(ArrayList.java:1596)
at org.testng.TestRunner.privateRun(TestRunner.java:741)
at org.testng.TestRunner.run(TestRunner.java:616)
at org.testng.SuiteRunner.runTest(SuiteRunner.java:421)
at org.testng.SuiteRunner.runSequentially(SuiteRunner.java:413)
at org.testng.SuiteRunner.privateRun(SuiteRunner.java:373)
at org.testng.SuiteRunner.run(SuiteRunner.java:312)
at org.testng.SuiteRunnerWorker.runSuite(SuiteRunnerWorker.java:52)
at org.testng.SuiteRunnerWorker.run(SuiteRunnerWorker.java:95)
at org.testng.TestNG.runSuitesSequentially(TestNG.java:1274)
at org.testng.TestNG.runSuitesLocally(TestNG.java:1208)
at org.testng.TestNG.runSuites(TestNG.java:1112)
at org.testng.TestNG.run(TestNG.java:1079)
at org.apache.maven.surefire.testng.TestNGExecutor.run(TestNGExecutor.java:308)
at org.apache.maven.surefire.testng.TestNGXmlTestSuite.execute(TestNGXmlTestSuite.java:71)
at org.apache.maven.surefire.testng.TestNGProvider.invoke(TestNGProvider.java:113)
at org.apache.maven.surefire.booter.ForkedBooter.runSuitesInProcess(ForkedBooter.java:385)
at org.apache.maven.surefire.booter.ForkedBooter.execute(ForkedBooter.java:162)
at org.apache.maven.surefire.booter.ForkedBooter.run(ForkedBooter.java:507)
at org.apache.maven.surefire.booter.ForkedBooter.main(ForkedBooter.java:495)
]]>
            </full-stacktrace>
          </exception> <!-- java.lang.NullPointerException -->
          <reporter-output>
          </reporter-output>
        </test-method> <!-- createUserTest -->
        <test-method is-config="true" signature="tearDown()[pri:0, instance:com.useractionsinifs.testCases.UserCreationTest@455351c4]" started-at="2025-08-07T23:03:11 IST" name="tearDown" finished-at="2025-08-07T23:03:20 IST" duration-ms="8221" status="PASS">
          <reporter-output>
          </reporter-output>
        </test-method> <!-- tearDown -->
      </class> <!-- com.useractionsinifs.testCases.UserCreationTest -->
      <class name="com.useractionsinifs.testCases.UserDeletionTest">
        <test-method is-config="true" signature="initializeDriver()[pri:0, instance:com.useractionsinifs.testCases.UserDeletionTest@4efcf8a]" started-at="2025-08-07T23:03:20 IST" name="initializeDriver" finished-at="2025-08-07T23:03:24 IST" duration-ms="3824" status="PASS">
          <reporter-output>
          </reporter-output>
        </test-method> <!-- initializeDriver -->
        <test-method signature="deleteUserTest(java.util.HashMap)[pri:3, instance:com.useractionsinifs.testCases.UserDeletionTest@4efcf8a]" started-at="2025-08-07T23:03:24 IST" name="deleteUserTest" description="Delete the created user" data-provider="myUserCredentials" finished-at="2025-08-07T23:03:47 IST" depends-on-methods="com.useractionsinifs.testCases.UserCreationTest.createUserTest" duration-ms="23211" status="FAIL">
          <params>
            <param index="0">
              <value>
                <![CDATA[{description=Valid user credentials - My user, password=Nrth~dd4s#kola8, username=shashank.durthu@infor.com}]]>
              </value>
            </param>
          </params>
          <exception class="java.lang.IllegalArgumentException">
            <message>
              <![CDATA[Keys to send should be a not null CharSequence]]>
            </message>
            <full-stacktrace>
              <![CDATA[java.lang.IllegalArgumentException: Keys to send should be a not null CharSequence
at org.openqa.selenium.remote.RemoteWebElement.sendKeys(RemoteWebElement.java:96)
at java.base/jdk.internal.reflect.DirectMethodHandleAccessor.invoke(DirectMethodHandleAccessor.java:103)
at java.base/java.lang.reflect.Method.invoke(Method.java:580)
at org.openqa.selenium.support.pagefactory.internal.LocatingElementHandler.invoke(LocatingElementHandler.java:51)
at jdk.proxy2/jdk.proxy2.$Proxy29.sendKeys(Unknown Source)
at com.useractionsinifs.pageObjects.SecurityPage_Users.deleteUser(SecurityPage_Users.java:193)
at com.useractionsinifs.testCases.UserDeletionTest.deleteUserTest(UserDeletionTest.java:62)
at java.base/jdk.internal.reflect.DirectMethodHandleAccessor.invoke(DirectMethodHandleAccessor.java:103)
at java.base/java.lang.reflect.Method.invoke(Method.java:580)
at org.testng.internal.invokers.MethodInvocationHelper.invokeMethod(MethodInvocationHelper.java:141)
at org.testng.internal.invokers.TestInvoker.invokeMethod(TestInvoker.java:687)
at org.testng.internal.invokers.TestInvoker.invokeTestMethod(TestInvoker.java:230)
at org.testng.internal.invokers.MethodRunner.runInSequence(MethodRunner.java:63)
at org.testng.internal.invokers.TestInvoker$MethodInvocationAgent.invoke(TestInvoker.java:995)
at org.testng.internal.invokers.TestInvoker.invokeTestMethods(TestInvoker.java:203)
at org.testng.internal.invokers.TestMethodWorker.invokeTestMethods(TestMethodWorker.java:154)
at org.testng.internal.invokers.TestMethodWorker.run(TestMethodWorker.java:134)
at java.base/java.util.ArrayList.forEach(ArrayList.java:1596)
at org.testng.TestRunner.privateRun(TestRunner.java:741)
at org.testng.TestRunner.run(TestRunner.java:616)
at org.testng.SuiteRunner.runTest(SuiteRunner.java:421)
at org.testng.SuiteRunner.runSequentially(SuiteRunner.java:413)
at org.testng.SuiteRunner.privateRun(SuiteRunner.java:373)
at org.testng.SuiteRunner.run(SuiteRunner.java:312)
at org.testng.SuiteRunnerWorker.runSuite(SuiteRunnerWorker.java:52)
at org.testng.SuiteRunnerWorker.run(SuiteRunnerWorker.java:95)
at org.testng.TestNG.runSuitesSequentially(TestNG.java:1274)
at org.testng.TestNG.runSuitesLocally(TestNG.java:1208)
at org.testng.TestNG.runSuites(TestNG.java:1112)
at org.testng.TestNG.run(TestNG.java:1079)
at org.apache.maven.surefire.testng.TestNGExecutor.run(TestNGExecutor.java:308)
at org.apache.maven.surefire.testng.TestNGXmlTestSuite.execute(TestNGXmlTestSuite.java:71)
at org.apache.maven.surefire.testng.TestNGProvider.invoke(TestNGProvider.java:113)
at org.apache.maven.surefire.booter.ForkedBooter.runSuitesInProcess(ForkedBooter.java:385)
at org.apache.maven.surefire.booter.ForkedBooter.execute(ForkedBooter.java:162)
at org.apache.maven.surefire.booter.ForkedBooter.run(ForkedBooter.java:507)
at org.apache.maven.surefire.booter.ForkedBooter.main(ForkedBooter.java:495)
]]>
            </full-stacktrace>
          </exception> <!-- java.lang.IllegalArgumentException -->
          <reporter-output>
          </reporter-output>
        </test-method> <!-- deleteUserTest -->
        <test-method is-config="true" signature="tearDown()[pri:0, instance:com.useractionsinifs.testCases.UserDeletionTest@4efcf8a]" started-at="2025-08-07T23:03:47 IST" name="tearDown" finished-at="2025-08-07T23:03:59 IST" duration-ms="11778" status="PASS">
          <reporter-output>
          </reporter-output>
        </test-method> <!-- tearDown -->
      </class> <!-- com.useractionsinifs.testCases.UserDeletionTest -->
      <class name="com.useractionsinifs.testCases.LoginTests">
        <test-method is-config="true" signature="initializeDriver()[pri:0, instance:com.useractionsinifs.testCases.LoginTests@19b30c92]" started-at="2025-08-07T23:01:42 IST" name="initializeDriver" finished-at="2025-08-07T23:01:46 IST" duration-ms="3964" status="PASS">
          <reporter-output>
          </reporter-output>
        </test-method> <!-- initializeDriver -->
        <test-method signature="validLoginTest(java.util.HashMap)[pri:1, instance:com.useractionsinifs.testCases.LoginTests@19b30c92]" started-at="2025-08-07T23:01:46 IST" name="validLoginTest" description="Verify user can login and logout successfully with valid credentials" data-provider="validLoginData" finished-at="2025-08-07T23:02:04 IST" duration-ms="17850" status="PASS">
          <params>
            <param index="0">
              <value>
                <![CDATA[{description=Valid user credentials - My user, password=Nrth~dd4s#kola8, username=shashank.durthu@infor.com}]]>
              </value>
            </param>
          </params>
          <reporter-output>
          </reporter-output>
        </test-method> <!-- validLoginTest -->
        <test-method is-config="true" signature="tearDown()[pri:0, instance:com.useractionsinifs.testCases.LoginTests@19b30c92]" started-at="2025-08-07T23:02:04 IST" name="tearDown" finished-at="2025-08-07T23:02:05 IST" duration-ms="774" status="PASS">
          <reporter-output>
          </reporter-output>
        </test-method> <!-- tearDown -->
        <test-method is-config="true" signature="initializeDriver()[pri:0, instance:com.useractionsinifs.testCases.LoginTests@19b30c92]" started-at="2025-08-07T23:02:05 IST" name="initializeDriver" finished-at="2025-08-07T23:02:09 IST" duration-ms="3642" status="PASS">
          <reporter-output>
          </reporter-output>
        </test-method> <!-- initializeDriver -->
        <test-method signature="validLoginTest(java.util.HashMap)[pri:1, instance:com.useractionsinifs.testCases.LoginTests@19b30c92]" started-at="2025-08-07T23:02:09 IST" name="validLoginTest" description="Verify user can login and logout successfully with valid credentials" data-provider="validLoginData" finished-at="2025-08-07T23:02:23 IST" duration-ms="14126" status="PASS">
          <params>
            <param index="0">
              <value>
                <![CDATA[{description=Valid user credentials - Admin user, password=Nrth~dd4s#kola8, username=inforosqa01@infor.com}]]>
              </value>
            </param>
          </params>
          <reporter-output>
          </reporter-output>
        </test-method> <!-- validLoginTest -->
        <test-method is-config="true" signature="tearDown()[pri:0, instance:com.useractionsinifs.testCases.LoginTests@19b30c92]" started-at="2025-08-07T23:02:23 IST" name="tearDown" finished-at="2025-08-07T23:02:34 IST" duration-ms="11610" status="PASS">
          <reporter-output>
          </reporter-output>
        </test-method> <!-- tearDown -->
        <test-method is-config="true" signature="initializeDriver()[pri:0, instance:com.useractionsinifs.testCases.LoginTests@19b30c92]" started-at="2025-08-07T23:02:34 IST" name="initializeDriver" finished-at="2025-08-07T23:02:38 IST" duration-ms="3181" status="PASS">
          <reporter-output>
          </reporter-output>
        </test-method> <!-- initializeDriver -->
        <test-method signature="validLoginTest(java.util.HashMap)[pri:1, instance:com.useractionsinifs.testCases.LoginTests@19b30c92]" started-at="2025-08-07T23:02:38 IST" name="validLoginTest" description="Verify user can login and logout successfully with valid credentials" data-provider="validLoginData" finished-at="2025-08-07T23:02:56 IST" duration-ms="18194" status="PASS">
          <params>
            <param index="0">
              <value>
                <![CDATA[{description=Valid user credentials - Standard user, password=Nrth~dd4s#kola8, username=inforosqa19@infor.com}]]>
              </value>
            </param>
          </params>
          <reporter-output>
          </reporter-output>
        </test-method> <!-- validLoginTest -->
        <test-method is-config="true" signature="tearDown()[pri:0, instance:com.useractionsinifs.testCases.LoginTests@19b30c92]" started-at="2025-08-07T23:02:56 IST" name="tearDown" finished-at="2025-08-07T23:02:57 IST" duration-ms="735" status="PASS">
          <reporter-output>
          </reporter-output>
        </test-method> <!-- tearDown -->
      </class> <!-- com.useractionsinifs.testCases.LoginTests -->
    </test> <!-- Regression Tests -->
  </suite> <!-- IFS User Actions Test Suite -->
</testng-results>
