<?xml version="1.0" encoding="UTF-8"?>
<!-- Generated by org.testng.reporters.JUnitReportReporter -->
<testsuite hostname="INRONNDURTHU01" failures="0" tests="9" name="com.useractionsinifs.testCases.LoginTests" time="228.285" errors="0" timestamp="2025-08-07T23:03:59 IST" skipped="0">
  <testcase classname="com.useractionsinifs.testCases.LoginTests" name="validLoginTest" time="23.630"/>
  <testcase classname="com.useractionsinifs.testCases.LoginTests" name="validLoginTest" time="28.384"/>
  <testcase classname="com.useractionsinifs.testCases.LoginTests" name="validLoginTest" time="35.458"/>
  <testcase classname="com.useractionsinifs.testCases.LoginTests" name="validLoginTest" time="19.630"/>
  <testcase classname="com.useractionsinifs.testCases.LoginTests" name="validLoginTest" time="22.227"/>
  <testcase classname="com.useractionsinifs.testCases.LoginTests" name="validLoginTest" time="24.469"/>
  <testcase classname="com.useractionsinifs.testCases.LoginTests" name="validLoginTest" time="22.638"/>
  <testcase classname="com.useractionsinifs.testCases.LoginTests" name="validLoginTest" time="18.081"/>
  <testcase classname="com.useractionsinifs.testCases.LoginTests" name="validLoginTest" time="33.768"/>
</testsuite> <!-- com.useractionsinifs.testCases.LoginTests -->
