<?xml version="1.0" encoding="UTF-8"?>
<!-- Generated by org.testng.reporters.JUnitReportReporter -->
<testsuite hostname="INRONNDURTHU01" failures="0" tests="2" name="com.useractionsinifs.testCases.UserCreationTest" time="117.433" errors="0" timestamp="2025-08-08T08:40:18 IST" skipped="0">
  <testcase classname="com.useractionsinifs.testCases.UserCreationTest" name="createUserTest" time="58.828"/>
  <testcase classname="com.useractionsinifs.testCases.UserCreationTest" name="createUserTest" time="58.605"/>
</testsuite> <!-- com.useractionsinifs.testCases.UserCreationTest -->
