<?xml version="1.0" encoding="UTF-8"?>
<!-- Generated by org.testng.reporters.JUnitReportReporter -->
<testsuite hostname="INRONNDURTHU01" failures="0" tests="3" name="com.useractionsinifs.testCases.UserDeletionTest" time="158.388" errors="0" timestamp="2025-08-08T08:40:18 IST" skipped="1">
  <testcase classname="com.useractionsinifs.testCases.UserDeletionTest" name="deleteUserTest" time="25.648">
    <skipped/>
  </testcase> <!-- deleteUserTest -->
  <testcase classname="com.useractionsinifs.testCases.UserDeletionTest" name="deleteUserTest" time="68.533"/>
  <testcase classname="com.useractionsinifs.testCases.UserDeletionTest" name="deleteUserTest" time="64.207"/>
</testsuite> <!-- com.useractionsinifs.testCases.UserDeletionTest -->
