<?xml version="1.0" encoding="UTF-8"?>
<!-- Generated by org.testng.reporters.JUnitReportReporter -->
<testsuite hostname="INRONNDURTHU01" failures="0" tests="3" name="com.useractionsinifs.testCases.LoginTests" time="83.239" errors="0" timestamp="2025-08-08T07:50:14 IST" skipped="0">
  <testcase classname="com.useractionsinifs.testCases.LoginTests" name="validLoginTest" time="27.319"/>
  <testcase classname="com.useractionsinifs.testCases.LoginTests" name="validLoginTest" time="28.941"/>
  <testcase classname="com.useractionsinifs.testCases.LoginTests" name="validLoginTest" time="26.979"/>
</testsuite> <!-- com.useractionsinifs.testCases.LoginTests -->
